<?xml version="1.0" encoding="UTF-8" standalone="yes"?><!DOCTYPE report PUBLIC "-//JACOCO//DTD Report 1.1//EN" "report.dtd"><report name="deustoReventaDOREST"><sessioninfo id="DESKTOP-97O3AGA-27dad3da" start="1651511308491" dump="1651511316095"/><sessioninfo id="DESKTOP-97O3AGA-a14ffa16" start="1651511413256" dump="1651511422175"/><sessioninfo id="DESKTOP-97O3AGA-6d383026" start="1651511548896" dump="1651511556092"/><sessioninfo id="DESKTOP-97O3AGA-c8d093f2" start="1651511667072" dump="1651511674366"/><sessioninfo id="DESKTOP-97O3AGA-3d0b348" start="1651511818823" dump="1651511826166"/><sessioninfo id="DESKTOP-97O3AGA-27a920ab" start="1651511984102" dump="1651511991303"/><sessioninfo id="DESKTOP-97O3AGA-43114f5c" start="1651512214288" dump="1651512221508"/><sessioninfo id="DESKTOP-97O3AGA-43bae5ac" start="1651512338755" dump="1651512346357"/><sessioninfo id="DESKTOP-97O3AGA-18eb75cf" start="1651512618665" dump="1651512625972"/><sessioninfo id="DESKTOP-97O3AGA-9dbb6bb7" start="1651512691749" dump="1651512698978"/><sessioninfo id="DESKTOP-97O3AGA-a9cd237f" start="1651512915537" dump="1651512922164"/><sessioninfo id="DESKTOP-97O3AGA-5ffb3d01" start="1651513016005" dump="1651513022752"/><sessioninfo id="DESKTOP-97O3AGA-93194af2" start="1651513125400" dump="1651513132087"/><sessioninfo id="DESKTOP-97O3AGA-b6fc1907" start="1651513251897" dump="1651513258448"/><sessioninfo id="DESKTOP-97O3AGA-551ac25b" start="1651514395725" dump="1651514402783"/><sessioninfo id="DESKTOP-97O3AGA-3f63ac27" start="1651514539839" dump="1651514546934"/><sessioninfo id="DESKTOP-97O3AGA-2e1e2135" start="1651514589801" dump="1651514596813"/><sessioninfo id="DESKTOP-97O3AGA-c614ab49" start="1651514632692" dump="1651514640001"/><sessioninfo id="DESKTOP-97O3AGA-19a8a907" start="1651514735444" dump="1651514742505"/><sessioninfo id="DESKTOP-97O3AGA-a2a8035c" start="1651514872829" dump="1651514879927"/><sessioninfo id="DESKTOP-97O3AGA-794c2d88" start="1651514904469" dump="1651514911507"/><sessioninfo id="DESKTOP-97O3AGA-1e9ff830" start="1651514972320" dump="1651514979317"/><sessioninfo id="DESKTOP-97O3AGA-c9253756" start="1651515018140" dump="1651515025030"/><sessioninfo id="DESKTOP-97O3AGA-95921ce5" start="1651515378423" dump="1651515385231"/><sessioninfo id="DESKTOP-97O3AGA-11db410f" start="1651515492041" dump="1651515499086"/><sessioninfo id="DESKTOP-97O3AGA-45b84e9c" start="1651515990301" dump="1651515997306"/><sessioninfo id="DESKTOP-97O3AGA-32de2f38" start="1651516068468" dump="1651516075660"/><sessioninfo id="DESKTOP-97O3AGA-c0a7b09c" start="1651520647758" dump="1651520655112"/><sessioninfo id="DESKTOP-97O3AGA-2f54a542" start="1651520693882" dump="1651520701896"/><sessioninfo id="DESKTOP-97O3AGA-9cff1fb5" start="1651521323124" dump="1651521330772"/><sessioninfo id="DESKTOP-97O3AGA-ff1fb1b9" start="1651522809898" dump="1651522817545"/><sessioninfo id="DESKTOP-97O3AGA-61800fbc" start="1651522850390" dump="1651522858230"/><sessioninfo id="DESKTOP-97O3AGA-eaeddee0" start="1651523609437" dump="1651523620706"/><sessioninfo id="DESKTOP-97O3AGA-29bcc628" start="1651523739982" dump="1651523749420"/><sessioninfo id="DESKTOP-97O3AGA-f1c9d6c6" start="1651523818603" dump="1651523827853"/><sessioninfo id="DESKTOP-97O3AGA-8211f590" start="1651523977993" dump="1651523988487"/><sessioninfo id="DESKTOP-97O3AGA-165d0656" start="1651524617835" dump="1651524627966"/><sessioninfo id="DESKTOP-97O3AGA-5b836384" start="1651524670299" dump="1651524679535"/><sessioninfo id="DESKTOP-97O3AGA-e4b27559" start="1651524710928" dump="1651524721395"/><sessioninfo id="DESKTOP-97O3AGA-aed30014" start="1651525900074" dump="1651525909800"/><sessioninfo id="DESKTOP-97O3AGA-3ff2704a" start="1651526280906" dump="1651526291028"/><sessioninfo id="DESKTOP-97O3AGA-da9459a9" start="1651526387462" dump="1651526398086"/><sessioninfo id="DESKTOP-97O3AGA-503c018" start="1651526457923" dump="1651526468117"/><sessioninfo id="DESKTOP-97O3AGA-d5328fa8" start="1651526540834" dump="1651526550642"/><sessioninfo id="DESKTOP-97O3AGA-377c1f64" start="1651526597157" dump="1651526606882"/><sessioninfo id="DESKTOP-97O3AGA-2f141272" start="1651527325016" dump="1651527335830"/><sessioninfo id="DESKTOP-97O3AGA-6452860f" start="1651527394249" dump="1651527406537"/><sessioninfo id="DESKTOP-97O3AGA-1e2d5d7a" start="1651528660455" dump="1651528671318"/><sessioninfo id="DESKTOP-97O3AGA-5cede1e9" start="1651528791784" dump="1651528804108"/><sessioninfo id="DESKTOP-97O3AGA-db37eadb" start="1651528838653" dump="1651528851056"/><sessioninfo id="DESKTOP-97O3AGA-9ded91c5" start="1651528890964" dump="1651528901917"/><sessioninfo id="DESKTOP-97O3AGA-92d588b" start="1651528933273" dump="1651528943945"/><sessioninfo id="DESKTOP-97O3AGA-e451194a" start="1651528996039" dump="1651529008540"/><sessioninfo id="DESKTOP-97O3AGA-53edaae2" start="1651529062352" dump="1651529073880"/><sessioninfo id="DESKTOP-97O3AGA-d8664582" start="1651529106201" dump="1651529118517"/><sessioninfo id="DESKTOP-97O3AGA-d06465af" start="1651529367547" dump="1651529379463"/><sessioninfo id="DESKTOP-97O3AGA-d44e9eb0" start="1651529923654" dump="1651529936465"/><sessioninfo id="DESKTOP-97O3AGA-3fd11d9f" start="1651530164174" dump="1651530176289"/><sessioninfo id="DESKTOP-97O3AGA-ee6c7923" start="1651530208008" dump="1651530221130"/><sessioninfo id="DESKTOP-97O3AGA-c241b36f" start="1651530685409" dump="1651530700576"/><sessioninfo id="DESKTOP-97O3AGA-7203779d" start="1651530719367" dump="1651530734792"/><sessioninfo id="DESKTOP-97O3AGA-2611adc7" start="1651530827515" dump="1651530841181"/><sessioninfo id="DESKTOP-97O3AGA-f912d404" start="1651530863936" dump="1651530878804"/><sessioninfo id="DESKTOP-97O3AGA-f7bc8bf5" start="1651531221176" dump="1651531240784"/><sessioninfo id="DESKTOP-97O3AGA-267080f4" start="1651531275784" dump="1651531289900"/><sessioninfo id="DESKTOP-97O3AGA-8ba530a7" start="1651531379778" dump="1651531394170"/><package name="serialization"><class name="serialization/ProductoOrdenador" sourcefilename="ProductoOrdenador.java"><method name="&lt;init&gt;" desc="()V" line="9"><counter type="INSTRUCTION" missed="0" covered="3"/><counter type="LINE" missed="0" covered="1"/><counter type="COMPLEXITY" missed="0" covered="1"/><counter type="METHOD" missed="0" covered="1"/></method><method name="getRam" desc="()I" line="18"><counter type="INSTRUCTION" missed="0" covered="3"/><counter type="LINE" missed="0" covered="1"/><counter type="COMPLEXITY" missed="0" covered="1"/><counter type="METHOD" missed="0" covered="1"/></method><method name="setRam" desc="(I)V" line="21"><counter type="INSTRUCTION" missed="0" covered="4"/><counter type="LINE" missed="0" covered="2"/><counter type="COMPLEXITY" missed="0" covered="1"/><counter type="METHOD" missed="0" covered="1"/></method><method name="getCpu" desc="()Ljava/lang/String;" line="24"><counter type="INSTRUCTION" missed="0" covered="3"/><counter type="LINE" missed="0" covered="1"/><counter type="COMPLEXITY" missed="0" covered="1"/><counter type="METHOD" missed="0" covered="1"/></method><method name="setCpu" desc="(Ljava/lang/String;)V" line="27"><counter type="INSTRUCTION" missed="0" covered="4"/><counter type="LINE" missed="0" covered="2"/><counter type="COMPLEXITY" missed="0" covered="1"/><counter type="METHOD" missed="0" covered="1"/></method><method name="getMemoria" desc="()I" line="30"><counter type="INSTRUCTION" missed="0" covered="3"/><counter type="LINE" missed="0" covered="1"/><counter type="COMPLEXITY" missed="0" covered="1"/><counter type="METHOD" missed="0" covered="1"/></method><method name="setMemoria" desc="(I)V" line="33"><counter type="INSTRUCTION" missed="0" covered="4"/><counter type="LINE" missed="0" covered="2"/><counter type="COMPLEXITY" missed="0" covered="1"/><counter type="METHOD" missed="0" covered="1"/></method><method name="getGrafica" desc="()Ljava/lang/String;" line="36"><counter type="INSTRUCTION" missed="0" covered="3"/><counter type="LINE" missed="0" covered="1"/><counter type="COMPLEXITY" missed="0" covered="1"/><counter type="METHOD" missed="0" covered="1"/></method><method name="setGrafica" desc="(Ljava/lang/String;)V" line="39"><counter type="INSTRUCTION" missed="0" covered="4"/><counter type="LINE" missed="0" covered="2"/><counter type="COMPLEXITY" missed="0" covered="1"/><counter type="METHOD" missed="0" covered="1"/></method><method name="getPlacaBase" desc="()Ljava/lang/String;" line="42"><counter type="INSTRUCTION" missed="0" covered="3"/><counter type="LINE" missed="0" covered="1"/><counter type="COMPLEXITY" missed="0" covered="1"/><counter type="METHOD" missed="0" covered="1"/></method><method name="setPlacaBase" desc="(Ljava/lang/String;)V" line="45"><counter type="INSTRUCTION" missed="0" covered="4"/><counter type="LINE" missed="0" covered="2"/><counter type="COMPLEXITY" missed="0" covered="1"/><counter type="METHOD" missed="0" covered="1"/></method><counter type="INSTRUCTION" missed="0" covered="38"/><counter type="LINE" missed="0" covered="16"/><counter type="COMPLEXITY" missed="0" covered="11"/><counter type="METHOD" missed="0" covered="11"/><counter type="CLASS" missed="0" covered="1"/></class><class name="serialization/Tarjeta" sourcefilename="Tarjeta.java"><method name="&lt;init&gt;" desc="()V" line="8"><counter type="INSTRUCTION" missed="0" covered="3"/><counter type="LINE" missed="0" covered="1"/><counter type="COMPLEXITY" missed="0" covered="1"/><counter type="METHOD" missed="0" covered="1"/></method><method name="getNombre" desc="()Ljava/lang/String;" line="18"><counter type="INSTRUCTION" missed="0" covered="3"/><counter type="LINE" missed="0" covered="1"/><counter type="COMPLEXITY" missed="0" covered="1"/><counter type="METHOD" missed="0" covered="1"/></method><method name="setNombre" desc="(Ljava/lang/String;)V" line="21"><counter type="INSTRUCTION" missed="0" covered="4"/><counter type="LINE" missed="0" covered="2"/><counter type="COMPLEXITY" missed="0" covered="1"/><counter type="METHOD" missed="0" covered="1"/></method><method name="getCodigoSecreto" desc="()I" line="24"><counter type="INSTRUCTION" missed="0" covered="3"/><counter type="LINE" missed="0" covered="1"/><counter type="COMPLEXITY" missed="0" covered="1"/><counter type="METHOD" missed="0" covered="1"/></method><method name="setCodigoSecreto" desc="(I)V" line="27"><counter type="INSTRUCTION" missed="0" covered="4"/><counter type="LINE" missed="0" covered="2"/><counter type="COMPLEXITY" missed="0" covered="1"/><counter type="METHOD" missed="0" covered="1"/></method><method name="getMesVencimiento" desc="()I" line="30"><counter type="INSTRUCTION" missed="0" covered="3"/><counter type="LINE" missed="0" covered="1"/><counter type="COMPLEXITY" missed="0" covered="1"/><counter type="METHOD" missed="0" covered="1"/></method><method name="setMesVencimiento" desc="(I)V" line="33"><counter type="INSTRUCTION" missed="0" covered="4"/><counter type="LINE" missed="0" covered="2"/><counter type="COMPLEXITY" missed="0" covered="1"/><counter type="METHOD" missed="0" covered="1"/></method><method name="getAnyoVencimiento" desc="()I" line="36"><counter type="INSTRUCTION" missed="0" covered="3"/><counter type="LINE" missed="0" covered="1"/><counter type="COMPLEXITY" missed="0" covered="1"/><counter type="METHOD" missed="0" covered="1"/></method><method name="setAnyoVencimiento" desc="(I)V" line="39"><counter type="INSTRUCTION" missed="0" covered="4"/><counter type="LINE" missed="0" covered="2"/><counter type="COMPLEXITY" missed="0" covered="1"/><counter type="METHOD" missed="0" covered="1"/></method><counter type="INSTRUCTION" missed="0" covered="31"/><counter type="LINE" missed="0" covered="13"/><counter type="COMPLEXITY" missed="0" covered="9"/><counter type="METHOD" missed="0" covered="9"/><counter type="CLASS" missed="0" covered="1"/></class><class name="serialization/Compra" sourcefilename="Compra.java"><method name="&lt;init&gt;" desc="()V" line="10"><counter type="INSTRUCTION" missed="0" covered="3"/><counter type="LINE" missed="0" covered="1"/><counter type="COMPLEXITY" missed="0" covered="1"/><counter type="METHOD" missed="0" covered="1"/></method><method name="getId" desc="()I" line="27"><counter type="INSTRUCTION" missed="0" covered="3"/><counter type="LINE" missed="0" covered="1"/><counter type="COMPLEXITY" missed="0" covered="1"/><counter type="METHOD" missed="0" covered="1"/></method><method name="setId" desc="(I)V" line="30"><counter type="INSTRUCTION" missed="0" covered="4"/><counter type="LINE" missed="0" covered="2"/><counter type="COMPLEXITY" missed="0" covered="1"/><counter type="METHOD" missed="0" covered="1"/></method><method name="getProducto" desc="()Lserialization/Producto;" line="34"><counter type="INSTRUCTION" missed="0" covered="3"/><counter type="LINE" missed="0" covered="1"/><counter type="COMPLEXITY" missed="0" covered="1"/><counter type="METHOD" missed="0" covered="1"/></method><method name="setProducto" desc="(Lserialization/Producto;)V" line="37"><counter type="INSTRUCTION" missed="0" covered="4"/><counter type="LINE" missed="0" covered="2"/><counter type="COMPLEXITY" missed="0" covered="1"/><counter type="METHOD" missed="0" covered="1"/></method><method name="getOpinion" desc="()Ljava/lang/String;" line="40"><counter type="INSTRUCTION" missed="0" covered="3"/><counter type="LINE" missed="0" covered="1"/><counter type="COMPLEXITY" missed="0" covered="1"/><counter type="METHOD" missed="0" covered="1"/></method><method name="setOpinion" desc="(Ljava/lang/String;)V" line="43"><counter type="INSTRUCTION" missed="0" covered="4"/><counter type="LINE" missed="0" covered="2"/><counter type="COMPLEXITY" missed="0" covered="1"/><counter type="METHOD" missed="0" covered="1"/></method><method name="getPrecio" desc="()D" line="46"><counter type="INSTRUCTION" missed="0" covered="3"/><counter type="LINE" missed="0" covered="1"/><counter type="COMPLEXITY" missed="0" covered="1"/><counter type="METHOD" missed="0" covered="1"/></method><method name="setPrecio" desc="(D)V" line="49"><counter type="INSTRUCTION" missed="0" covered="4"/><counter type="LINE" missed="0" covered="2"/><counter type="COMPLEXITY" missed="0" covered="1"/><counter type="METHOD" missed="0" covered="1"/></method><counter type="INSTRUCTION" missed="0" covered="31"/><counter type="LINE" missed="0" covered="13"/><counter type="COMPLEXITY" missed="0" covered="9"/><counter type="METHOD" missed="0" covered="9"/><counter type="CLASS" missed="0" covered="1"/></class><class name="serialization/Usuario" sourcefilename="Usuario.java"><method name="&lt;init&gt;" desc="()V" line="60"><counter type="INSTRUCTION" missed="0" covered="48"/><counter type="LINE" missed="0" covered="11"/><counter type="COMPLEXITY" missed="0" covered="1"/><counter type="METHOD" missed="0" covered="1"/></method><method name="getEmail" desc="()Ljava/lang/String;" line="73"><counter type="INSTRUCTION" missed="0" covered="3"/><counter type="LINE" missed="0" covered="1"/><counter type="COMPLEXITY" missed="0" covered="1"/><counter type="METHOD" missed="0" covered="1"/></method><method name="setEmail" desc="(Ljava/lang/String;)V" line="76"><counter type="INSTRUCTION" missed="0" covered="4"/><counter type="LINE" missed="0" covered="2"/><counter type="COMPLEXITY" missed="0" covered="1"/><counter type="METHOD" missed="0" covered="1"/></method><method name="getPassword" desc="()Ljava/lang/String;" line="79"><counter type="INSTRUCTION" missed="0" covered="3"/><counter type="LINE" missed="0" covered="1"/><counter type="COMPLEXITY" missed="0" covered="1"/><counter type="METHOD" missed="0" covered="1"/></method><method name="setPassword" desc="(Ljava/lang/String;)V" line="82"><counter type="INSTRUCTION" missed="0" covered="4"/><counter type="LINE" missed="0" covered="2"/><counter type="COMPLEXITY" missed="0" covered="1"/><counter type="METHOD" missed="0" covered="1"/></method><method name="getProductosEnVenta" desc="()Ljava/util/List;" line="85"><counter type="INSTRUCTION" missed="0" covered="3"/><counter type="LINE" missed="0" covered="1"/><counter type="COMPLEXITY" missed="0" covered="1"/><counter type="METHOD" missed="0" covered="1"/></method><method name="addProductoEnVenta" desc="(Lserialization/Producto;)V" line="89"><counter type="INSTRUCTION" missed="0" covered="6"/><counter type="LINE" missed="0" covered="2"/><counter type="COMPLEXITY" missed="0" covered="1"/><counter type="METHOD" missed="0" covered="1"/></method><method name="setProductosEnVenta" desc="(Ljava/util/List;)V" line="93"><counter type="INSTRUCTION" missed="0" covered="4"/><counter type="LINE" missed="0" covered="2"/><counter type="COMPLEXITY" missed="0" covered="1"/><counter type="METHOD" missed="0" covered="1"/></method><method name="getProductosVendidos" desc="()Ljava/util/List;" line="96"><counter type="INSTRUCTION" missed="0" covered="3"/><counter type="LINE" missed="0" covered="1"/><counter type="COMPLEXITY" missed="0" covered="1"/><counter type="METHOD" missed="0" covered="1"/></method><method name="setProductosVendidos" desc="(Ljava/util/List;)V" line="99"><counter type="INSTRUCTION" missed="0" covered="4"/><counter type="LINE" missed="0" covered="2"/><counter type="COMPLEXITY" missed="0" covered="1"/><counter type="METHOD" missed="0" covered="1"/></method><method name="getMensajesRecibidos" desc="()Ljava/util/List;" line="102"><counter type="INSTRUCTION" missed="0" covered="3"/><counter type="LINE" missed="0" covered="1"/><counter type="COMPLEXITY" missed="0" covered="1"/><counter type="METHOD" missed="0" covered="1"/></method><method name="setMensajesRecibidos" desc="(Ljava/util/List;)V" line="105"><counter type="INSTRUCTION" missed="0" covered="4"/><counter type="LINE" missed="0" covered="2"/><counter type="COMPLEXITY" missed="0" covered="1"/><counter type="METHOD" missed="0" covered="1"/></method><method name="getMensajesEnviados" desc="()Ljava/util/List;" line="108"><counter type="INSTRUCTION" missed="0" covered="3"/><counter type="LINE" missed="0" covered="1"/><counter type="COMPLEXITY" missed="0" covered="1"/><counter type="METHOD" missed="0" covered="1"/></method><method name="setMensajesEnviados" desc="(Ljava/util/List;)V" line="111"><counter type="INSTRUCTION" missed="0" covered="4"/><counter type="LINE" missed="0" covered="2"/><counter type="COMPLEXITY" missed="0" covered="1"/><counter type="METHOD" missed="0" covered="1"/></method><method name="getProductosFavoritos" desc="()Ljava/util/List;" line="114"><counter type="INSTRUCTION" missed="0" covered="3"/><counter type="LINE" missed="0" covered="1"/><counter type="COMPLEXITY" missed="0" covered="1"/><counter type="METHOD" missed="0" covered="1"/></method><method name="setProductosFavoritos" desc="(Ljava/util/List;)V" line="117"><counter type="INSTRUCTION" missed="0" covered="4"/><counter type="LINE" missed="0" covered="2"/><counter type="COMPLEXITY" missed="0" covered="1"/><counter type="METHOD" missed="0" covered="1"/></method><method name="getDenuncias" desc="()I" line="121"><counter type="INSTRUCTION" missed="0" covered="3"/><counter type="LINE" missed="0" covered="1"/><counter type="COMPLEXITY" missed="0" covered="1"/><counter type="METHOD" missed="0" covered="1"/></method><method name="setDenuncias" desc="(I)V" line="124"><counter type="INSTRUCTION" missed="0" covered="4"/><counter type="LINE" missed="0" covered="2"/><counter type="COMPLEXITY" missed="0" covered="1"/><counter type="METHOD" missed="0" covered="1"/></method><method name="getVendedoresLike" desc="()Ljava/util/List;" line="127"><counter type="INSTRUCTION" missed="0" covered="3"/><counter type="LINE" missed="0" covered="1"/><counter type="COMPLEXITY" missed="0" covered="1"/><counter type="METHOD" missed="0" covered="1"/></method><method name="setVendedoresLike" desc="(Ljava/util/List;)V" line="130"><counter type="INSTRUCTION" missed="0" covered="4"/><counter type="LINE" missed="0" covered="2"/><counter type="COMPLEXITY" missed="0" covered="1"/><counter type="METHOD" missed="0" covered="1"/></method><method name="getOfertasEnviadas" desc="()Ljava/util/List;" line="134"><counter type="INSTRUCTION" missed="0" covered="3"/><counter type="LINE" missed="0" covered="1"/><counter type="COMPLEXITY" missed="0" covered="1"/><counter type="METHOD" missed="0" covered="1"/></method><method name="setOfertasEnviadas" desc="(Ljava/util/List;)V" line="138"><counter type="INSTRUCTION" missed="0" covered="4"/><counter type="LINE" missed="0" covered="2"/><counter type="COMPLEXITY" missed="0" covered="1"/><counter type="METHOD" missed="0" covered="1"/></method><method name="getTarjeta" desc="()Lserialization/Tarjeta;" line="142"><counter type="INSTRUCTION" missed="0" covered="3"/><counter type="LINE" missed="0" covered="1"/><counter type="COMPLEXITY" missed="0" covered="1"/><counter type="METHOD" missed="0" covered="1"/></method><method name="setTarjeta" desc="(Lserialization/Tarjeta;)V" line="146"><counter type="INSTRUCTION" missed="0" covered="4"/><counter type="LINE" missed="0" covered="2"/><counter type="COMPLEXITY" missed="0" covered="1"/><counter type="METHOD" missed="0" covered="1"/></method><method name="getCompras" desc="()Ljava/util/List;" line="150"><counter type="INSTRUCTION" missed="0" covered="3"/><counter type="LINE" missed="0" covered="1"/><counter type="COMPLEXITY" missed="0" covered="1"/><counter type="METHOD" missed="0" covered="1"/></method><method name="setCompras" desc="(Ljava/util/List;)V" line="154"><counter type="INSTRUCTION" missed="0" covered="4"/><counter type="LINE" missed="0" covered="2"/><counter type="COMPLEXITY" missed="0" covered="1"/><counter type="METHOD" missed="0" covered="1"/></method><method name="getProductos" desc="()Ljava/util/List;" line="158"><counter type="INSTRUCTION" missed="0" covered="3"/><counter type="LINE" missed="0" covered="1"/><counter type="COMPLEXITY" missed="0" covered="1"/><counter type="METHOD" missed="0" covered="1"/></method><method name="setProductos" desc="(Ljava/util/List;)V" line="162"><counter type="INSTRUCTION" missed="0" covered="4"/><counter type="LINE" missed="0" covered="2"/><counter type="COMPLEXITY" missed="0" covered="1"/><counter type="METHOD" missed="0" covered="1"/></method><method name="clone" desc="()Lserialization/Usuario;" line="166"><counter type="INSTRUCTION" missed="0" covered="76"/><counter type="LINE" missed="0" covered="15"/><counter type="COMPLEXITY" missed="0" covered="1"/><counter type="METHOD" missed="0" covered="1"/></method><counter type="INSTRUCTION" missed="0" covered="221"/><counter type="LINE" missed="0" covered="67"/><counter type="COMPLEXITY" missed="0" covered="29"/><counter type="METHOD" missed="0" covered="29"/><counter type="CLASS" missed="0" covered="1"/></class><class name="serialization/Mensaje" sourcefilename="Mensaje.java"><method name="&lt;init&gt;" desc="()V" line="12"><counter type="INSTRUCTION" missed="0" covered="3"/><counter type="LINE" missed="0" covered="1"/><counter type="COMPLEXITY" missed="0" covered="1"/><counter type="METHOD" missed="0" covered="1"/></method><method name="getId" desc="()I" line="25"><counter type="INSTRUCTION" missed="0" covered="3"/><counter type="LINE" missed="0" covered="1"/><counter type="COMPLEXITY" missed="0" covered="1"/><counter type="METHOD" missed="0" covered="1"/></method><method name="setId" desc="(I)V" line="28"><counter type="INSTRUCTION" missed="0" covered="4"/><counter type="LINE" missed="0" covered="2"/><counter type="COMPLEXITY" missed="0" covered="1"/><counter type="METHOD" missed="0" covered="1"/></method><method name="getContenido" desc="()Ljava/lang/String;" line="31"><counter type="INSTRUCTION" missed="0" covered="3"/><counter type="LINE" missed="0" covered="1"/><counter type="COMPLEXITY" missed="0" covered="1"/><counter type="METHOD" missed="0" covered="1"/></method><method name="setContenido" desc="(Ljava/lang/String;)V" line="34"><counter type="INSTRUCTION" missed="0" covered="4"/><counter type="LINE" missed="0" covered="2"/><counter type="COMPLEXITY" missed="0" covered="1"/><counter type="METHOD" missed="0" covered="1"/></method><method name="getFecha" desc="()J" line="37"><counter type="INSTRUCTION" missed="0" covered="3"/><counter type="LINE" missed="0" covered="1"/><counter type="COMPLEXITY" missed="0" covered="1"/><counter type="METHOD" missed="0" covered="1"/></method><method name="setFecha" desc="(J)V" line="40"><counter type="INSTRUCTION" missed="0" covered="4"/><counter type="LINE" missed="0" covered="2"/><counter type="COMPLEXITY" missed="0" covered="1"/><counter type="METHOD" missed="0" covered="1"/></method><counter type="INSTRUCTION" missed="0" covered="24"/><counter type="LINE" missed="0" covered="10"/><counter type="COMPLEXITY" missed="0" covered="7"/><counter type="METHOD" missed="0" covered="7"/><counter type="CLASS" missed="0" covered="1"/></class><class name="serialization/ProductoVehiculo" sourcefilename="ProductoVehiculo.java"><method name="&lt;init&gt;" desc="()V" line="10"><counter type="INSTRUCTION" missed="0" covered="3"/><counter type="LINE" missed="0" covered="1"/><counter type="COMPLEXITY" missed="0" covered="1"/><counter type="METHOD" missed="0" covered="1"/></method><method name="getKilometros" desc="()I" line="19"><counter type="INSTRUCTION" missed="0" covered="3"/><counter type="LINE" missed="0" covered="1"/><counter type="COMPLEXITY" missed="0" covered="1"/><counter type="METHOD" missed="0" covered="1"/></method><method name="setKilometros" desc="(I)V" line="22"><counter type="INSTRUCTION" missed="0" covered="4"/><counter type="LINE" missed="0" covered="2"/><counter type="COMPLEXITY" missed="0" covered="1"/><counter type="METHOD" missed="0" covered="1"/></method><method name="getCaballos" desc="()I" line="25"><counter type="INSTRUCTION" missed="0" covered="3"/><counter type="LINE" missed="0" covered="1"/><counter type="COMPLEXITY" missed="0" covered="1"/><counter type="METHOD" missed="0" covered="1"/></method><method name="setCaballos" desc="(I)V" line="28"><counter type="INSTRUCTION" missed="0" covered="4"/><counter type="LINE" missed="0" covered="2"/><counter type="COMPLEXITY" missed="0" covered="1"/><counter type="METHOD" missed="0" covered="1"/></method><method name="getAnyoFabri" desc="()I" line="31"><counter type="INSTRUCTION" missed="0" covered="3"/><counter type="LINE" missed="0" covered="1"/><counter type="COMPLEXITY" missed="0" covered="1"/><counter type="METHOD" missed="0" covered="1"/></method><method name="setAnyoFabri" desc="(I)V" line="34"><counter type="INSTRUCTION" missed="0" covered="4"/><counter type="LINE" missed="0" covered="2"/><counter type="COMPLEXITY" missed="0" covered="1"/><counter type="METHOD" missed="0" covered="1"/></method><method name="getMarca" desc="()Ljava/lang/String;" line="37"><counter type="INSTRUCTION" missed="0" covered="3"/><counter type="LINE" missed="0" covered="1"/><counter type="COMPLEXITY" missed="0" covered="1"/><counter type="METHOD" missed="0" covered="1"/></method><method name="setMarca" desc="(Ljava/lang/String;)V" line="40"><counter type="INSTRUCTION" missed="0" covered="4"/><counter type="LINE" missed="0" covered="2"/><counter type="COMPLEXITY" missed="0" covered="1"/><counter type="METHOD" missed="0" covered="1"/></method><method name="getModelo" desc="()Ljava/lang/String;" line="43"><counter type="INSTRUCTION" missed="0" covered="3"/><counter type="LINE" missed="0" covered="1"/><counter type="COMPLEXITY" missed="0" covered="1"/><counter type="METHOD" missed="0" covered="1"/></method><method name="setModelo" desc="(Ljava/lang/String;)V" line="46"><counter type="INSTRUCTION" missed="0" covered="4"/><counter type="LINE" missed="0" covered="2"/><counter type="COMPLEXITY" missed="0" covered="1"/><counter type="METHOD" missed="0" covered="1"/></method><counter type="INSTRUCTION" missed="0" covered="38"/><counter type="LINE" missed="0" covered="16"/><counter type="COMPLEXITY" missed="0" covered="11"/><counter type="METHOD" missed="0" covered="11"/><counter type="CLASS" missed="0" covered="1"/></class><class name="serialization/Categoria" sourcefilename="Categoria.java"><method name="&lt;init&gt;" desc="()V" line="12"><counter type="INSTRUCTION" missed="0" covered="3"/><counter type="LINE" missed="0" covered="1"/><counter type="COMPLEXITY" missed="0" covered="1"/><counter type="METHOD" missed="0" covered="1"/></method><method name="getId" desc="()I" line="20"><counter type="INSTRUCTION" missed="0" covered="3"/><counter type="LINE" missed="0" covered="1"/><counter type="COMPLEXITY" missed="0" covered="1"/><counter type="METHOD" missed="0" covered="1"/></method><method name="setId" desc="(I)V" line="23"><counter type="INSTRUCTION" missed="0" covered="4"/><counter type="LINE" missed="0" covered="2"/><counter type="COMPLEXITY" missed="0" covered="1"/><counter type="METHOD" missed="0" covered="1"/></method><method name="getNombre" desc="()Ljava/lang/String;" line="26"><counter type="INSTRUCTION" missed="0" covered="3"/><counter type="LINE" missed="0" covered="1"/><counter type="COMPLEXITY" missed="0" covered="1"/><counter type="METHOD" missed="0" covered="1"/></method><method name="setNombre" desc="(Ljava/lang/String;)V" line="29"><counter type="INSTRUCTION" missed="0" covered="4"/><counter type="LINE" missed="0" covered="2"/><counter type="COMPLEXITY" missed="0" covered="1"/><counter type="METHOD" missed="0" covered="1"/></method><method name="toString" desc="()Ljava/lang/String;" line="37"><counter type="INSTRUCTION" missed="0" covered="3"/><counter type="LINE" missed="0" covered="1"/><counter type="COMPLEXITY" missed="0" covered="1"/><counter type="METHOD" missed="0" covered="1"/></method><counter type="INSTRUCTION" missed="0" covered="20"/><counter type="LINE" missed="0" covered="8"/><counter type="COMPLEXITY" missed="0" covered="6"/><counter type="METHOD" missed="0" covered="6"/><counter type="CLASS" missed="0" covered="1"/></class><class name="serialization/Producto" sourcefilename="Producto.java"><method name="&lt;init&gt;" desc="(DLjava/lang/String;Lserialization/Categoria;)V" line="40"><counter type="INSTRUCTION" missed="0" covered="26"/><counter type="LINE" missed="0" covered="9"/><counter type="COMPLEXITY" missed="0" covered="1"/><counter type="METHOD" missed="0" covered="1"/></method><method name="&lt;init&gt;" desc="()V" line="50"><counter type="INSTRUCTION" missed="0" covered="9"/><counter type="LINE" missed="0" covered="4"/><counter type="COMPLEXITY" missed="0" covered="1"/><counter type="METHOD" missed="0" covered="1"/></method><method name="getPrecioSalida" desc="()D" line="56"><counter type="INSTRUCTION" missed="0" covered="3"/><counter type="LINE" missed="0" covered="1"/><counter type="COMPLEXITY" missed="0" covered="1"/><counter type="METHOD" missed="0" covered="1"/></method><method name="setPrecioSalida" desc="(D)V" line="59"><counter type="INSTRUCTION" missed="0" covered="4"/><counter type="LINE" missed="0" covered="2"/><counter type="COMPLEXITY" missed="0" covered="1"/><counter type="METHOD" missed="0" covered="1"/></method><method name="getNombre" desc="()Ljava/lang/String;" line="62"><counter type="INSTRUCTION" missed="0" covered="3"/><counter type="LINE" missed="0" covered="1"/><counter type="COMPLEXITY" missed="0" covered="1"/><counter type="METHOD" missed="0" covered="1"/></method><method name="setNombre" desc="(Ljava/lang/String;)V" line="65"><counter type="INSTRUCTION" missed="0" covered="4"/><counter type="LINE" missed="0" covered="2"/><counter type="COMPLEXITY" missed="0" covered="1"/><counter type="METHOD" missed="0" covered="1"/></method><method name="getFechaPubli" desc="()J" line="68"><counter type="INSTRUCTION" missed="0" covered="3"/><counter type="LINE" missed="0" covered="1"/><counter type="COMPLEXITY" missed="0" covered="1"/><counter type="METHOD" missed="0" covered="1"/></method><method name="setFechaPubli" desc="(J)V" line="71"><counter type="INSTRUCTION" missed="0" covered="4"/><counter type="LINE" missed="0" covered="2"/><counter type="COMPLEXITY" missed="0" covered="1"/><counter type="METHOD" missed="0" covered="1"/></method><method name="isReservado" desc="()Z" line="75"><counter type="INSTRUCTION" missed="0" covered="3"/><counter type="LINE" missed="0" covered="1"/><counter type="COMPLEXITY" missed="0" covered="1"/><counter type="METHOD" missed="0" covered="1"/></method><method name="setReservado" desc="(Z)V" line="78"><counter type="INSTRUCTION" missed="0" covered="4"/><counter type="LINE" missed="0" covered="2"/><counter type="COMPLEXITY" missed="0" covered="1"/><counter type="METHOD" missed="0" covered="1"/></method><method name="getId" desc="()I" line="82"><counter type="INSTRUCTION" missed="0" covered="3"/><counter type="LINE" missed="0" covered="1"/><counter type="COMPLEXITY" missed="0" covered="1"/><counter type="METHOD" missed="0" covered="1"/></method><method name="setId" desc="(I)V" line="86"><counter type="INSTRUCTION" missed="0" covered="4"/><counter type="LINE" missed="0" covered="2"/><counter type="COMPLEXITY" missed="0" covered="1"/><counter type="METHOD" missed="0" covered="1"/></method><method name="isVendido" desc="()Z" line="90"><counter type="INSTRUCTION" missed="0" covered="3"/><counter type="LINE" missed="0" covered="1"/><counter type="COMPLEXITY" missed="0" covered="1"/><counter type="METHOD" missed="0" covered="1"/></method><method name="setVendido" desc="(Z)V" line="93"><counter type="INSTRUCTION" missed="0" covered="4"/><counter type="LINE" missed="0" covered="2"/><counter type="COMPLEXITY" missed="0" covered="1"/><counter type="METHOD" missed="0" covered="1"/></method><method name="getCategoria" desc="()Lserialization/Categoria;" line="98"><counter type="INSTRUCTION" missed="0" covered="3"/><counter type="LINE" missed="0" covered="1"/><counter type="COMPLEXITY" missed="0" covered="1"/><counter type="METHOD" missed="0" covered="1"/></method><method name="setCategoria" desc="(Lserialization/Categoria;)V" line="102"><counter type="INSTRUCTION" missed="0" covered="4"/><counter type="LINE" missed="0" covered="2"/><counter type="COMPLEXITY" missed="0" covered="1"/><counter type="METHOD" missed="0" covered="1"/></method><method name="getOfertasRecibidas" desc="()Ljava/util/List;" line="106"><counter type="INSTRUCTION" missed="0" covered="3"/><counter type="LINE" missed="0" covered="1"/><counter type="COMPLEXITY" missed="0" covered="1"/><counter type="METHOD" missed="0" covered="1"/></method><method name="setOfertasRecibidas" desc="(Ljava/util/List;)V" line="110"><counter type="INSTRUCTION" missed="0" covered="4"/><counter type="LINE" missed="0" covered="2"/><counter type="COMPLEXITY" missed="0" covered="1"/><counter type="METHOD" missed="0" covered="1"/></method><method name="getEmailVendedor" desc="()Ljava/lang/String;" line="114"><counter type="INSTRUCTION" missed="0" covered="3"/><counter type="LINE" missed="0" covered="1"/><counter type="COMPLEXITY" missed="0" covered="1"/><counter type="METHOD" missed="0" covered="1"/></method><method name="setEmailVendedor" desc="(Ljava/lang/String;)V" line="118"><counter type="INSTRUCTION" missed="0" covered="4"/><counter type="LINE" missed="0" covered="2"/><counter type="COMPLEXITY" missed="0" covered="1"/><counter type="METHOD" missed="0" covered="1"/></method><counter type="INSTRUCTION" missed="0" covered="98"/><counter type="LINE" missed="0" covered="40"/><counter type="COMPLEXITY" missed="0" covered="20"/><counter type="METHOD" missed="0" covered="20"/><counter type="CLASS" missed="0" covered="1"/></class><class name="serialization/Oferta" sourcefilename="Oferta.java"><method name="&lt;init&gt;" desc="()V" line="13"><counter type="INSTRUCTION" missed="0" covered="3"/><counter type="LINE" missed="0" covered="1"/><counter type="COMPLEXITY" missed="0" covered="1"/><counter type="METHOD" missed="0" covered="1"/></method><method name="getId" desc="()I" line="29"><counter type="INSTRUCTION" missed="0" covered="3"/><counter type="LINE" missed="0" covered="1"/><counter type="COMPLEXITY" missed="0" covered="1"/><counter type="METHOD" missed="0" covered="1"/></method><method name="setId" desc="(I)V" line="32"><counter type="INSTRUCTION" missed="0" covered="4"/><counter type="LINE" missed="0" covered="2"/><counter type="COMPLEXITY" missed="0" covered="1"/><counter type="METHOD" missed="0" covered="1"/></method><method name="getCantidad" desc="()D" line="35"><counter type="INSTRUCTION" missed="0" covered="3"/><counter type="LINE" missed="0" covered="1"/><counter type="COMPLEXITY" missed="0" covered="1"/><counter type="METHOD" missed="0" covered="1"/></method><method name="setCantidad" desc="(D)V" line="38"><counter type="INSTRUCTION" missed="0" covered="4"/><counter type="LINE" missed="0" covered="2"/><counter type="COMPLEXITY" missed="0" covered="1"/><counter type="METHOD" missed="0" covered="1"/></method><method name="getFecha" desc="()J" line="41"><counter type="INSTRUCTION" missed="0" covered="3"/><counter type="LINE" missed="0" covered="1"/><counter type="COMPLEXITY" missed="0" covered="1"/><counter type="METHOD" missed="0" covered="1"/></method><method name="setFecha" desc="(J)V" line="44"><counter type="INSTRUCTION" missed="0" covered="4"/><counter type="LINE" missed="0" covered="2"/><counter type="COMPLEXITY" missed="0" covered="1"/><counter type="METHOD" missed="0" covered="1"/></method><method name="isEstado" desc="()Z" line="47"><counter type="INSTRUCTION" missed="0" covered="3"/><counter type="LINE" missed="0" covered="1"/><counter type="COMPLEXITY" missed="0" covered="1"/><counter type="METHOD" missed="0" covered="1"/></method><method name="setEstado" desc="(Z)V" line="50"><counter type="INSTRUCTION" missed="0" covered="4"/><counter type="LINE" missed="0" covered="2"/><counter type="COMPLEXITY" missed="0" covered="1"/><counter type="METHOD" missed="0" covered="1"/></method><counter type="INSTRUCTION" missed="0" covered="31"/><counter type="LINE" missed="0" covered="13"/><counter type="COMPLEXITY" missed="0" covered="9"/><counter type="METHOD" missed="0" covered="9"/><counter type="CLASS" missed="0" covered="1"/></class><sourcefile name="Mensaje.java"><line nr="12" mi="0" ci="3" mb="0" cb="0"/><line nr="25" mi="0" ci="3" mb="0" cb="0"/><line nr="28" mi="0" ci="3" mb="0" cb="0"/><line nr="29" mi="0" ci="1" mb="0" cb="0"/><line nr="31" mi="0" ci="3" mb="0" cb="0"/><line nr="34" mi="0" ci="3" mb="0" cb="0"/><line nr="35" mi="0" ci="1" mb="0" cb="0"/><line nr="37" mi="0" ci="3" mb="0" cb="0"/><line nr="40" mi="0" ci="3" mb="0" cb="0"/><line nr="41" mi="0" ci="1" mb="0" cb="0"/><counter type="INSTRUCTION" missed="0" covered="24"/><counter type="LINE" missed="0" covered="10"/><counter type="COMPLEXITY" missed="0" covered="7"/><counter type="METHOD" missed="0" covered="7"/><counter type="CLASS" missed="0" covered="1"/></sourcefile><sourcefile name="Categoria.java"><line nr="12" mi="0" ci="3" mb="0" cb="0"/><line nr="20" mi="0" ci="3" mb="0" cb="0"/><line nr="23" mi="0" ci="3" mb="0" cb="0"/><line nr="24" mi="0" ci="1" mb="0" cb="0"/><line nr="26" mi="0" ci="3" mb="0" cb="0"/><line nr="29" mi="0" ci="3" mb="0" cb="0"/><line nr="30" mi="0" ci="1" mb="0" cb="0"/><line nr="37" mi="0" ci="3" mb="0" cb="0"/><counter type="INSTRUCTION" missed="0" covered="20"/><counter type="LINE" missed="0" covered="8"/><counter type="COMPLEXITY" missed="0" covered="6"/><counter type="METHOD" missed="0" covered="6"/><counter type="CLASS" missed="0" covered="1"/></sourcefile><sourcefile name="Compra.java"><line nr="10" mi="0" ci="3" mb="0" cb="0"/><line nr="27" mi="0" ci="3" mb="0" cb="0"/><line nr="30" mi="0" ci="3" mb="0" cb="0"/><line nr="31" mi="0" ci="1" mb="0" cb="0"/><line nr="34" mi="0" ci="3" mb="0" cb="0"/><line nr="37" mi="0" ci="3" mb="0" cb="0"/><line nr="38" mi="0" ci="1" mb="0" cb="0"/><line nr="40" mi="0" ci="3" mb="0" cb="0"/><line nr="43" mi="0" ci="3" mb="0" cb="0"/><line nr="44" mi="0" ci="1" mb="0" cb="0"/><line nr="46" mi="0" ci="3" mb="0" cb="0"/><line nr="49" mi="0" ci="3" mb="0" cb="0"/><line nr="50" mi="0" ci="1" mb="0" cb="0"/><counter type="INSTRUCTION" missed="0" covered="31"/><counter type="LINE" missed="0" covered="13"/><counter type="COMPLEXITY" missed="0" covered="9"/><counter type="METHOD" missed="0" covered="9"/><counter type="CLASS" missed="0" covered="1"/></sourcefile><sourcefile name="Oferta.java"><line nr="13" mi="0" ci="3" mb="0" cb="0"/><line nr="29" mi="0" ci="3" mb="0" cb="0"/><line nr="32" mi="0" ci="3" mb="0" cb="0"/><line nr="33" mi="0" ci="1" mb="0" cb="0"/><line nr="35" mi="0" ci="3" mb="0" cb="0"/><line nr="38" mi="0" ci="3" mb="0" cb="0"/><line nr="39" mi="0" ci="1" mb="0" cb="0"/><line nr="41" mi="0" ci="3" mb="0" cb="0"/><line nr="44" mi="0" ci="3" mb="0" cb="0"/><line nr="45" mi="0" ci="1" mb="0" cb="0"/><line nr="47" mi="0" ci="3" mb="0" cb="0"/><line nr="50" mi="0" ci="3" mb="0" cb="0"/><line nr="51" mi="0" ci="1" mb="0" cb="0"/><counter type="INSTRUCTION" missed="0" covered="31"/><counter type="LINE" missed="0" covered="13"/><counter type="COMPLEXITY" missed="0" covered="9"/><counter type="METHOD" missed="0" covered="9"/><counter type="CLASS" missed="0" covered="1"/></sourcefile><sourcefile name="Usuario.java"><line nr="60" mi="0" ci="2" mb="0" cb="0"/><line nr="61" mi="0" ci="5" mb="0" cb="0"/><line nr="62" mi="0" ci="5" mb="0" cb="0"/><line nr="63" mi="0" ci="5" mb="0" cb="0"/><line nr="64" mi="0" ci="5" mb="0" cb="0"/><line nr="65" mi="0" ci="5" mb="0" cb="0"/><line nr="66" mi="0" ci="5" mb="0" cb="0"/><line nr="67" mi="0" ci="5" mb="0" cb="0"/><line nr="68" mi="0" ci="5" mb="0" cb="0"/><line nr="69" mi="0" ci="5" mb="0" cb="0"/><line nr="70" mi="0" ci="1" mb="0" cb="0"/><line nr="73" mi="0" ci="3" mb="0" cb="0"/><line nr="76" mi="0" ci="3" mb="0" cb="0"/><line nr="77" mi="0" ci="1" mb="0" cb="0"/><line nr="79" mi="0" ci="3" mb="0" cb="0"/><line nr="82" mi="0" ci="3" mb="0" cb="0"/><line nr="83" mi="0" ci="1" mb="0" cb="0"/><line nr="85" mi="0" ci="3" mb="0" cb="0"/><line nr="89" mi="0" ci="5" mb="0" cb="0"/><line nr="90" mi="0" ci="1" mb="0" cb="0"/><line nr="93" mi="0" ci="3" mb="0" cb="0"/><line nr="94" mi="0" ci="1" mb="0" cb="0"/><line nr="96" mi="0" ci="3" mb="0" cb="0"/><line nr="99" mi="0" ci="3" mb="0" cb="0"/><line nr="100" mi="0" ci="1" mb="0" cb="0"/><line nr="102" mi="0" ci="3" mb="0" cb="0"/><line nr="105" mi="0" ci="3" mb="0" cb="0"/><line nr="106" mi="0" ci="1" mb="0" cb="0"/><line nr="108" mi="0" ci="3" mb="0" cb="0"/><line nr="111" mi="0" ci="3" mb="0" cb="0"/><line nr="112" mi="0" ci="1" mb="0" cb="0"/><line nr="114" mi="0" ci="3" mb="0" cb="0"/><line nr="117" mi="0" ci="3" mb="0" cb="0"/><line nr="118" mi="0" ci="1" mb="0" cb="0"/><line nr="121" mi="0" ci="3" mb="0" cb="0"/><line nr="124" mi="0" ci="3" mb="0" cb="0"/><line nr="125" mi="0" ci="1" mb="0" cb="0"/><line nr="127" mi="0" ci="3" mb="0" cb="0"/><line nr="130" mi="0" ci="3" mb="0" cb="0"/><line nr="131" mi="0" ci="1" mb="0" cb="0"/><line nr="134" mi="0" ci="3" mb="0" cb="0"/><line nr="138" mi="0" ci="3" mb="0" cb="0"/><line nr="139" mi="0" ci="1" mb="0" cb="0"/><line nr="142" mi="0" ci="3" mb="0" cb="0"/><line nr="146" mi="0" ci="3" mb="0" cb="0"/><line nr="147" mi="0" ci="1" mb="0" cb="0"/><line nr="150" mi="0" ci="3" mb="0" cb="0"/><line nr="154" mi="0" ci="3" mb="0" cb="0"/><line nr="155" mi="0" ci="1" mb="0" cb="0"/><line nr="158" mi="0" ci="3" mb="0" cb="0"/><line nr="162" mi="0" ci="3" mb="0" cb="0"/><line nr="163" mi="0" ci="1" mb="0" cb="0"/><line nr="166" mi="0" ci="4" mb="0" cb="0"/><line nr="167" mi="0" ci="4" mb="0" cb="0"/><line nr="168" mi="0" ci="6" mb="0" cb="0"/><line nr="169" mi="0" ci="6" mb="0" cb="0"/><line nr="170" mi="0" ci="6" mb="0" cb="0"/><line nr="171" mi="0" ci="6" mb="0" cb="0"/><line nr="172" mi="0" ci="6" mb="0" cb="0"/><line nr="173" mi="0" ci="6" mb="0" cb="0"/><line nr="174" mi="0" ci="6" mb="0" cb="0"/><line nr="175" mi="0" ci="6" mb="0" cb="0"/><line nr="176" mi="0" ci="6" mb="0" cb="0"/><line nr="178" mi="0" ci="4" mb="0" cb="0"/><line nr="179" mi="0" ci="4" mb="0" cb="0"/><line nr="180" mi="0" ci="4" mb="0" cb="0"/><line nr="181" mi="0" ci="2" mb="0" cb="0"/><counter type="INSTRUCTION" missed="0" covered="221"/><counter type="LINE" missed="0" covered="67"/><counter type="COMPLEXITY" missed="0" covered="29"/><counter type="METHOD" missed="0" covered="29"/><counter type="CLASS" missed="0" covered="1"/></sourcefile><sourcefile name="Producto.java"><line nr="40" mi="0" ci="2" mb="0" cb="0"/><line nr="41" mi="0" ci="3" mb="0" cb="0"/><line nr="42" mi="0" ci="3" mb="0" cb="0"/><line nr="43" mi="0" ci="3" mb="0" cb="0"/><line nr="44" mi="0" ci="3" mb="0" cb="0"/><line nr="45" mi="0" ci="3" mb="0" cb="0"/><line nr="46" mi="0" ci="3" mb="0" cb="0"/><line nr="47" mi="0" ci="5" mb="0" cb="0"/><line nr="48" mi="0" ci="1" mb="0" cb="0"/><line nr="50" mi="0" ci="2" mb="0" cb="0"/><line nr="51" mi="0" ci="3" mb="0" cb="0"/><line nr="52" mi="0" ci="3" mb="0" cb="0"/><line nr="53" mi="0" ci="1" mb="0" cb="0"/><line nr="56" mi="0" ci="3" mb="0" cb="0"/><line nr="59" mi="0" ci="3" mb="0" cb="0"/><line nr="60" mi="0" ci="1" mb="0" cb="0"/><line nr="62" mi="0" ci="3" mb="0" cb="0"/><line nr="65" mi="0" ci="3" mb="0" cb="0"/><line nr="66" mi="0" ci="1" mb="0" cb="0"/><line nr="68" mi="0" ci="3" mb="0" cb="0"/><line nr="71" mi="0" ci="3" mb="0" cb="0"/><line nr="72" mi="0" ci="1" mb="0" cb="0"/><line nr="75" mi="0" ci="3" mb="0" cb="0"/><line nr="78" mi="0" ci="3" mb="0" cb="0"/><line nr="79" mi="0" ci="1" mb="0" cb="0"/><line nr="82" mi="0" ci="3" mb="0" cb="0"/><line nr="86" mi="0" ci="3" mb="0" cb="0"/><line nr="87" mi="0" ci="1" mb="0" cb="0"/><line nr="90" mi="0" ci="3" mb="0" cb="0"/><line nr="93" mi="0" ci="3" mb="0" cb="0"/><line nr="94" mi="0" ci="1" mb="0" cb="0"/><line nr="98" mi="0" ci="3" mb="0" cb="0"/><line nr="102" mi="0" ci="3" mb="0" cb="0"/><line nr="103" mi="0" ci="1" mb="0" cb="0"/><line nr="106" mi="0" ci="3" mb="0" cb="0"/><line nr="110" mi="0" ci="3" mb="0" cb="0"/><line nr="111" mi="0" ci="1" mb="0" cb="0"/><line nr="114" mi="0" ci="3" mb="0" cb="0"/><line nr="118" mi="0" ci="3" mb="0" cb="0"/><line nr="119" mi="0" ci="1" mb="0" cb="0"/><counter type="INSTRUCTION" missed="0" covered="98"/><counter type="LINE" missed="0" covered="40"/><counter type="COMPLEXITY" missed="0" covered="20"/><counter type="METHOD" missed="0" covered="20"/><counter type="CLASS" missed="0" covered="1"/></sourcefile><sourcefile name="ProductoVehiculo.java"><line nr="10" mi="0" ci="3" mb="0" cb="0"/><line nr="19" mi="0" ci="3" mb="0" cb="0"/><line nr="22" mi="0" ci="3" mb="0" cb="0"/><line nr="23" mi="0" ci="1" mb="0" cb="0"/><line nr="25" mi="0" ci="3" mb="0" cb="0"/><line nr="28" mi="0" ci="3" mb="0" cb="0"/><line nr="29" mi="0" ci="1" mb="0" cb="0"/><line nr="31" mi="0" ci="3" mb="0" cb="0"/><line nr="34" mi="0" ci="3" mb="0" cb="0"/><line nr="35" mi="0" ci="1" mb="0" cb="0"/><line nr="37" mi="0" ci="3" mb="0" cb="0"/><line nr="40" mi="0" ci="3" mb="0" cb="0"/><line nr="41" mi="0" ci="1" mb="0" cb="0"/><line nr="43" mi="0" ci="3" mb="0" cb="0"/><line nr="46" mi="0" ci="3" mb="0" cb="0"/><line nr="47" mi="0" ci="1" mb="0" cb="0"/><counter type="INSTRUCTION" missed="0" covered="38"/><counter type="LINE" missed="0" covered="16"/><counter type="COMPLEXITY" missed="0" covered="11"/><counter type="METHOD" missed="0" covered="11"/><counter type="CLASS" missed="0" covered="1"/></sourcefile><sourcefile name="Tarjeta.java"><line nr="8" mi="0" ci="3" mb="0" cb="0"/><line nr="18" mi="0" ci="3" mb="0" cb="0"/><line nr="21" mi="0" ci="3" mb="0" cb="0"/><line nr="22" mi="0" ci="1" mb="0" cb="0"/><line nr="24" mi="0" ci="3" mb="0" cb="0"/><line nr="27" mi="0" ci="3" mb="0" cb="0"/><line nr="28" mi="0" ci="1" mb="0" cb="0"/><line nr="30" mi="0" ci="3" mb="0" cb="0"/><line nr="33" mi="0" ci="3" mb="0" cb="0"/><line nr="34" mi="0" ci="1" mb="0" cb="0"/><line nr="36" mi="0" ci="3" mb="0" cb="0"/><line nr="39" mi="0" ci="3" mb="0" cb="0"/><line nr="40" mi="0" ci="1" mb="0" cb="0"/><counter type="INSTRUCTION" missed="0" covered="31"/><counter type="LINE" missed="0" covered="13"/><counter type="COMPLEXITY" missed="0" covered="9"/><counter type="METHOD" missed="0" covered="9"/><counter type="CLASS" missed="0" covered="1"/></sourcefile><sourcefile name="ProductoOrdenador.java"><line nr="9" mi="0" ci="3" mb="0" cb="0"/><line nr="18" mi="0" ci="3" mb="0" cb="0"/><line nr="21" mi="0" ci="3" mb="0" cb="0"/><line nr="22" mi="0" ci="1" mb="0" cb="0"/><line nr="24" mi="0" ci="3" mb="0" cb="0"/><line nr="27" mi="0" ci="3" mb="0" cb="0"/><line nr="28" mi="0" ci="1" mb="0" cb="0"/><line nr="30" mi="0" ci="3" mb="0" cb="0"/><line nr="33" mi="0" ci="3" mb="0" cb="0"/><line nr="34" mi="0" ci="1" mb="0" cb="0"/><line nr="36" mi="0" ci="3" mb="0" cb="0"/><line nr="39" mi="0" ci="3" mb="0" cb="0"/><line nr="40" mi="0" ci="1" mb="0" cb="0"/><line nr="42" mi="0" ci="3" mb="0" cb="0"/><line nr="45" mi="0" ci="3" mb="0" cb="0"/><line nr="46" mi="0" ci="1" mb="0" cb="0"/><counter type="INSTRUCTION" missed="0" covered="38"/><counter type="LINE" missed="0" covered="16"/><counter type="COMPLEXITY" missed="0" covered="11"/><counter type="METHOD" missed="0" covered="11"/><counter type="CLASS" missed="0" covered="1"/></sourcefile><counter type="INSTRUCTION" missed="0" covered="532"/><counter type="LINE" missed="0" covered="196"/><counter type="COMPLEXITY" missed="0" covered="111"/><counter type="METHOD" missed="0" covered="111"/><counter type="CLASS" missed="0" covered="9"/></package><package name="client/controller"><class name="client/controller/ChatController" sourcefilename="ChatController.java"><method name="&lt;init&gt;" desc="(Ljavax/ws/rs/client/WebTarget;Ljava/lang/String;Ldao/UsuarioDAO;)V" line="38"><counter type="INSTRUCTION" missed="0" covered="12"/><counter type="LINE" missed="0" covered="5"/><counter type="COMPLEXITY" missed="0" covered="1"/><counter type="METHOD" missed="0" covered="1"/></method><method name="enviar" desc="(Ljava/lang/String;Ljava/lang/String;Lserialization/Mensaje;)V" line="46"><counter type="INSTRUCTION" missed="68" covered="0"/><counter type="BRANCH" missed="2" covered="0"/><counter type="LINE" missed="11" covered="0"/><counter type="COMPLEXITY" missed="2" covered="0"/><counter type="METHOD" missed="1" covered="0"/></method><method name="getMensajesRecibidos" desc="(Ljava/lang/String;)Ljava/util/List;" line="132"><counter type="INSTRUCTION" missed="0" covered="34"/><counter type="LINE" missed="0" covered="4"/><counter type="COMPLEXITY" missed="0" covered="1"/><counter type="METHOD" missed="0" covered="1"/></method><method name="getMensajesEnviados" desc="(Ljava/lang/String;)Ljava/util/List;" line="140"><counter type="INSTRUCTION" missed="34" covered="0"/><counter type="LINE" missed="4" covered="0"/><counter type="COMPLEXITY" missed="1" covered="0"/><counter type="METHOD" missed="1" covered="0"/></method><method name="getEmailUsuarios" desc="()Ljava/util/List;" line="147"><counter type="INSTRUCTION" missed="26" covered="0"/><counter type="BRANCH" missed="2" covered="0"/><counter type="LINE" missed="5" covered="0"/><counter type="COMPLEXITY" missed="2" covered="0"/><counter type="METHOD" missed="1" covered="0"/></method><counter type="INSTRUCTION" missed="128" covered="46"/><counter type="BRANCH" missed="4" covered="0"/><counter type="LINE" missed="20" covered="9"/><counter type="COMPLEXITY" missed="5" covered="2"/><counter type="METHOD" missed="3" covered="2"/><counter type="CLASS" missed="0" covered="1"/></class><class name="client/controller/ComprasController$1" sourcefilename="ComprasController.java"><method name="&lt;init&gt;" desc="(Lclient/controller/ComprasController;)V" line="68"><counter type="INSTRUCTION" missed="6" covered="0"/><counter type="LINE" missed="1" covered="0"/><counter type="COMPLEXITY" missed="1" covered="0"/><counter type="METHOD" missed="1" covered="0"/></method><counter type="INSTRUCTION" missed="6" covered="0"/><counter type="LINE" missed="1" covered="0"/><counter type="COMPLEXITY" missed="1" covered="0"/><counter type="METHOD" missed="1" covered="0"/><counter type="CLASS" missed="1" covered="0"/></class><class name="client/controller/ComprasController$2" sourcefilename="ComprasController.java"><method name="&lt;init&gt;" desc="(Lclient/controller/ComprasController;)V" line="71"><counter type="INSTRUCTION" missed="6" covered="0"/><counter type="LINE" missed="1" covered="0"/><counter type="COMPLEXITY" missed="1" covered="0"/><counter type="METHOD" missed="1" covered="0"/></method><counter type="INSTRUCTION" missed="6" covered="0"/><counter type="LINE" missed="1" covered="0"/><counter type="COMPLEXITY" missed="1" covered="0"/><counter type="METHOD" missed="1" covered="0"/><counter type="CLASS" missed="1" covered="0"/></class><class name="client/controller/ComprasController$3" sourcefilename="ComprasController.java"><method name="&lt;init&gt;" desc="(Lclient/controller/ComprasController;)V" line="81"><counter type="INSTRUCTION" missed="6" covered="0"/><counter type="LINE" missed="1" covered="0"/><counter type="COMPLEXITY" missed="1" covered="0"/><counter type="METHOD" missed="1" covered="0"/></method><counter type="INSTRUCTION" missed="6" covered="0"/><counter type="LINE" missed="1" covered="0"/><counter type="COMPLEXITY" missed="1" covered="0"/><counter type="METHOD" missed="1" covered="0"/><counter type="CLASS" missed="1" covered="0"/></class><class name="client/controller/ComprasController$4" sourcefilename="ComprasController.java"><method name="&lt;init&gt;" desc="(Lclient/controller/ComprasController;)V" line="84"><counter type="INSTRUCTION" missed="6" covered="0"/><counter type="LINE" missed="1" covered="0"/><counter type="COMPLEXITY" missed="1" covered="0"/><counter type="METHOD" missed="1" covered="0"/></method><counter type="INSTRUCTION" missed="6" covered="0"/><counter type="LINE" missed="1" covered="0"/><counter type="COMPLEXITY" missed="1" covered="0"/><counter type="METHOD" missed="1" covered="0"/><counter type="CLASS" missed="1" covered="0"/></class><class name="client/controller/ComprasController$5" sourcefilename="ComprasController.java"><method name="&lt;init&gt;" desc="(Lclient/controller/ComprasController;)V" line="106"><counter type="INSTRUCTION" missed="6" covered="0"/><counter type="LINE" missed="1" covered="0"/><counter type="COMPLEXITY" missed="1" covered="0"/><counter type="METHOD" missed="1" covered="0"/></method><counter type="INSTRUCTION" missed="6" covered="0"/><counter type="LINE" missed="1" covered="0"/><counter type="COMPLEXITY" missed="1" covered="0"/><counter type="METHOD" missed="1" covered="0"/><counter type="CLASS" missed="1" covered="0"/></class><class name="client/controller/ComprasController$6" sourcefilename="ComprasController.java"><method name="&lt;init&gt;" desc="(Lclient/controller/ComprasController;)V" line="109"><counter type="INSTRUCTION" missed="6" covered="0"/><counter type="LINE" missed="1" covered="0"/><counter type="COMPLEXITY" missed="1" covered="0"/><counter type="METHOD" missed="1" covered="0"/></method><counter type="INSTRUCTION" missed="6" covered="0"/><counter type="LINE" missed="1" covered="0"/><counter type="COMPLEXITY" missed="1" covered="0"/><counter type="METHOD" missed="1" covered="0"/><counter type="CLASS" missed="1" covered="0"/></class><class name="client/controller/ComprasController$7" sourcefilename="ComprasController.java"><method name="&lt;init&gt;" desc="(Lclient/controller/ComprasController;Lserialization/Producto;Ljavax/swing/JPanel;)V" line="126"><counter type="INSTRUCTION" missed="12" covered="0"/><counter type="LINE" missed="1" covered="0"/><counter type="COMPLEXITY" missed="1" covered="0"/><counter type="METHOD" missed="1" covered="0"/></method><method name="actionPerformed" desc="(Ljava/awt/event/ActionEvent;)V" line="131"><counter type="INSTRUCTION" missed="59" covered="0"/><counter type="BRANCH" missed="2" covered="0"/><counter type="LINE" missed="13" covered="0"/><counter type="COMPLEXITY" missed="2" covered="0"/><counter type="METHOD" missed="1" covered="0"/></method><counter type="INSTRUCTION" missed="71" covered="0"/><counter type="BRANCH" missed="2" covered="0"/><counter type="LINE" missed="14" covered="0"/><counter type="COMPLEXITY" missed="3" covered="0"/><counter type="METHOD" missed="2" covered="0"/><counter type="CLASS" missed="1" covered="0"/></class><class name="client/controller/ComprasController$8" sourcefilename="ComprasController.java"><method name="&lt;init&gt;" desc="(Lclient/controller/ComprasController;Lserialization/Producto;)V" line="151"><counter type="INSTRUCTION" missed="9" covered="0"/><counter type="LINE" missed="1" covered="0"/><counter type="COMPLEXITY" missed="1" covered="0"/><counter type="METHOD" missed="1" covered="0"/></method><method name="actionPerformed" desc="(Ljava/awt/event/ActionEvent;)V" line="156"><counter type="INSTRUCTION" missed="15" covered="0"/><counter type="LINE" missed="5" covered="0"/><counter type="COMPLEXITY" missed="1" covered="0"/><counter type="METHOD" missed="1" covered="0"/></method><counter type="INSTRUCTION" missed="24" covered="0"/><counter type="LINE" missed="6" covered="0"/><counter type="COMPLEXITY" missed="2" covered="0"/><counter type="METHOD" missed="2" covered="0"/><counter type="CLASS" missed="1" covered="0"/></class><class name="client/controller/ComprasController$9" sourcefilename="ComprasController.java"><method name="&lt;init&gt;" desc="(Lclient/controller/ComprasController;Lserialization/Producto;)V" line="164"><counter type="INSTRUCTION" missed="9" covered="0"/><counter type="LINE" missed="1" covered="0"/><counter type="COMPLEXITY" missed="1" covered="0"/><counter type="METHOD" missed="1" covered="0"/></method><method name="actionPerformed" desc="(Ljava/awt/event/ActionEvent;)V" line="169"><counter type="INSTRUCTION" missed="16" covered="0"/><counter type="LINE" missed="5" covered="0"/><counter type="COMPLEXITY" missed="1" covered="0"/><counter type="METHOD" missed="1" covered="0"/></method><counter type="INSTRUCTION" missed="25" covered="0"/><counter type="LINE" missed="6" covered="0"/><counter type="COMPLEXITY" missed="2" covered="0"/><counter type="METHOD" missed="2" covered="0"/><counter type="CLASS" missed="1" covered="0"/></class><class name="client/controller/ComprasController" sourcefilename="ComprasController.java"><method name="&lt;init&gt;" desc="(Ljavax/ws/rs/client/WebTarget;Ljava/lang/String;)V" line="42"><counter type="INSTRUCTION" missed="9" covered="0"/><counter type="LINE" missed="4" covered="0"/><counter type="COMPLEXITY" missed="1" covered="0"/><counter type="METHOD" missed="1" covered="0"/></method><method name="comprar" desc="(Ljava/lang/String;ID)V" line="48"><counter type="INSTRUCTION" missed="57" covered="0"/><counter type="BRANCH" missed="2" covered="0"/><counter type="LINE" missed="8" covered="0"/><counter type="COMPLEXITY" missed="2" covered="0"/><counter type="METHOD" missed="1" covered="0"/></method><method name="anadirUsuarioFav" desc="(Lserialization/Usuario;Ljava/lang/String;)V" line="59"><counter type="INSTRUCTION" missed="46" covered="0"/><counter type="BRANCH" missed="2" covered="0"/><counter type="LINE" missed="6" covered="0"/><counter type="COMPLEXITY" missed="2" covered="0"/><counter type="METHOD" missed="1" covered="0"/></method><method name="getProductos" desc="()Ljava/util/List;" line="67"><counter type="INSTRUCTION" missed="54" covered="0"/><counter type="LINE" missed="8" covered="0"/><counter type="COMPLEXITY" missed="1" covered="0"/><counter type="METHOD" missed="1" covered="0"/></method><method name="getProductosEnVenta" desc="()Ljava/util/List;" line="80"><counter type="INSTRUCTION" missed="54" covered="0"/><counter type="LINE" missed="8" covered="0"/><counter type="COMPLEXITY" missed="1" covered="0"/><counter type="METHOD" missed="1" covered="0"/></method><method name="getProducto" desc="(I)Lserialization/Producto;" line="93"><counter type="INSTRUCTION" missed="49" covered="0"/><counter type="BRANCH" missed="2" covered="0"/><counter type="LINE" missed="7" covered="0"/><counter type="COMPLEXITY" missed="2" covered="0"/><counter type="METHOD" missed="1" covered="0"/></method><method name="getProductosFavoritos" desc="()Ljava/util/List;" line="105"><counter type="INSTRUCTION" missed="70" covered="0"/><counter type="LINE" missed="8" covered="0"/><counter type="COMPLEXITY" missed="1" covered="0"/><counter type="METHOD" missed="1" covered="0"/></method><method name="crearPanel" desc="(Lserialization/Producto;Ljavax/swing/JPanel;)V" line="119"><counter type="INSTRUCTION" missed="110" covered="0"/><counter type="LINE" missed="21" covered="0"/><counter type="COMPLEXITY" missed="1" covered="0"/><counter type="METHOD" missed="1" covered="0"/></method><method name="anadirFav" desc="(Lserialization/Producto;Ljava/lang/String;)V" line="190"><counter type="INSTRUCTION" missed="48" covered="0"/><counter type="BRANCH" missed="2" covered="0"/><counter type="LINE" missed="6" covered="0"/><counter type="COMPLEXITY" missed="2" covered="0"/><counter type="METHOD" missed="1" covered="0"/></method><method name="anadirUsuarioFav" desc="(Ljava/lang/String;Ljava/lang/String;)V" line="198"><counter type="INSTRUCTION" missed="46" covered="0"/><counter type="BRANCH" missed="2" covered="0"/><counter type="LINE" missed="6" covered="0"/><counter type="COMPLEXITY" missed="2" covered="0"/><counter type="METHOD" missed="1" covered="0"/></method><method name="getVentas" desc="(Ljava/lang/String;)I" line="207"><counter type="INSTRUCTION" missed="50" covered="0"/><counter type="BRANCH" missed="2" covered="0"/><counter type="LINE" missed="7" covered="0"/><counter type="COMPLEXITY" missed="2" covered="0"/><counter type="METHOD" missed="1" covered="0"/></method><method name="ordenarPorVentas" desc="(Ljavax/swing/JPanel;)V" line="220"><counter type="INSTRUCTION" missed="28" covered="0"/><counter type="BRANCH" missed="2" covered="0"/><counter type="LINE" missed="7" covered="0"/><counter type="COMPLEXITY" missed="2" covered="0"/><counter type="METHOD" missed="1" covered="0"/></method><method name="ordenarPorFechaAsc" desc="(Ljavax/swing/JPanel;)V" line="250"><counter type="INSTRUCTION" missed="28" covered="0"/><counter type="BRANCH" missed="2" covered="0"/><counter type="LINE" missed="7" covered="0"/><counter type="COMPLEXITY" missed="2" covered="0"/><counter type="METHOD" missed="1" covered="0"/></method><method name="ordenarPorFechaDesc" desc="(Ljavax/swing/JPanel;)V" line="272"><counter type="INSTRUCTION" missed="28" covered="0"/><counter type="BRANCH" missed="2" covered="0"/><counter type="LINE" missed="7" covered="0"/><counter type="COMPLEXITY" missed="2" covered="0"/><counter type="METHOD" missed="1" covered="0"/></method><method name="mostrarFavoritos" desc="(Ljavax/swing/JPanel;Ljava/lang/String;)V" line="300"><counter type="INSTRUCTION" missed="35" covered="0"/><counter type="BRANCH" missed="2" covered="0"/><counter type="LINE" missed="13" covered="0"/><counter type="COMPLEXITY" missed="2" covered="0"/><counter type="METHOD" missed="1" covered="0"/></method><method name="setProductos" desc="(Ljava/util/List;)V" line="318"><counter type="INSTRUCTION" missed="4" covered="0"/><counter type="LINE" missed="2" covered="0"/><counter type="COMPLEXITY" missed="1" covered="0"/><counter type="METHOD" missed="1" covered="0"/></method><counter type="INSTRUCTION" missed="716" covered="0"/><counter type="BRANCH" missed="20" covered="0"/><counter type="LINE" missed="125" covered="0"/><counter type="COMPLEXITY" missed="26" covered="0"/><counter type="METHOD" missed="16" covered="0"/><counter type="CLASS" missed="1" covered="0"/></class><class name="client/controller/RegistroController" sourcefilename="RegistroController.java"><method name="&lt;init&gt;" desc="()V" line="14"><counter type="INSTRUCTION" missed="3" covered="0"/><counter type="LINE" missed="1" covered="0"/><counter type="COMPLEXITY" missed="1" covered="0"/><counter type="METHOD" missed="1" covered="0"/></method><method name="registrar" desc="(Lserialization/Usuario;)V" line="19"><counter type="INSTRUCTION" missed="39" covered="0"/><counter type="BRANCH" missed="2" covered="0"/><counter type="LINE" missed="6" covered="0"/><counter type="COMPLEXITY" missed="2" covered="0"/><counter type="METHOD" missed="1" covered="0"/></method><counter type="INSTRUCTION" missed="42" covered="0"/><counter type="BRANCH" missed="2" covered="0"/><counter type="LINE" missed="7" covered="0"/><counter type="COMPLEXITY" missed="3" covered="0"/><counter type="METHOD" missed="2" covered="0"/><counter type="CLASS" missed="1" covered="0"/></class><class name="client/controller/ComprasController$10" sourcefilename="ComprasController.java"><method name="&lt;init&gt;" desc="(Lclient/controller/ComprasController;)V" line="220"><counter type="INSTRUCTION" missed="6" covered="0"/><counter type="LINE" missed="1" covered="0"/><counter type="COMPLEXITY" missed="1" covered="0"/><counter type="METHOD" missed="1" covered="0"/></method><method name="compare" desc="(Lserialization/Producto;Lserialization/Producto;)I" line="224"><counter type="INSTRUCTION" missed="58" covered="0"/><counter type="LINE" missed="8" covered="0"/><counter type="COMPLEXITY" missed="1" covered="0"/><counter type="METHOD" missed="1" covered="0"/></method><counter type="INSTRUCTION" missed="64" covered="0"/><counter type="LINE" missed="9" covered="0"/><counter type="COMPLEXITY" missed="2" covered="0"/><counter type="METHOD" missed="2" covered="0"/><counter type="CLASS" missed="1" covered="0"/></class><class name="client/controller/ComprasController$12" sourcefilename="ComprasController.java"><method name="&lt;init&gt;" desc="(Lclient/controller/ComprasController;)V" line="272"><counter type="INSTRUCTION" missed="6" covered="0"/><counter type="LINE" missed="1" covered="0"/><counter type="COMPLEXITY" missed="1" covered="0"/><counter type="METHOD" missed="1" covered="0"/></method><method name="compare" desc="(Lserialization/Producto;Lserialization/Producto;)I" line="276"><counter type="INSTRUCTION" missed="30" covered="0"/><counter type="LINE" missed="6" covered="0"/><counter type="COMPLEXITY" missed="1" covered="0"/><counter type="METHOD" missed="1" covered="0"/></method><counter type="INSTRUCTION" missed="36" covered="0"/><counter type="LINE" missed="7" covered="0"/><counter type="COMPLEXITY" missed="2" covered="0"/><counter type="METHOD" missed="2" covered="0"/><counter type="CLASS" missed="1" covered="0"/></class><class name="client/controller/ComprasController$11" sourcefilename="ComprasController.java"><method name="&lt;init&gt;" desc="(Lclient/controller/ComprasController;)V" line="250"><counter type="INSTRUCTION" missed="6" covered="0"/><counter type="LINE" missed="1" covered="0"/><counter type="COMPLEXITY" missed="1" covered="0"/><counter type="METHOD" missed="1" covered="0"/></method><method name="compare" desc="(Lserialization/Producto;Lserialization/Producto;)I" line="254"><counter type="INSTRUCTION" missed="16" covered="0"/><counter type="LINE" missed="3" covered="0"/><counter type="COMPLEXITY" missed="1" covered="0"/><counter type="METHOD" missed="1" covered="0"/></method><counter type="INSTRUCTION" missed="22" covered="0"/><counter type="LINE" missed="4" covered="0"/><counter type="COMPLEXITY" missed="2" covered="0"/><counter type="METHOD" missed="2" covered="0"/><counter type="CLASS" missed="1" covered="0"/></class><class name="client/controller/ChatController$1" sourcefilename="ChatController.java"><method name="&lt;init&gt;" desc="(Lclient/controller/ChatController;)V" line="133"><counter type="INSTRUCTION" missed="0" covered="6"/><counter type="LINE" missed="0" covered="1"/><counter type="COMPLEXITY" missed="0" covered="1"/><counter type="METHOD" missed="0" covered="1"/></method><counter type="INSTRUCTION" missed="0" covered="6"/><counter type="LINE" missed="0" covered="1"/><counter type="COMPLEXITY" missed="0" covered="1"/><counter type="METHOD" missed="0" covered="1"/><counter type="CLASS" missed="0" covered="1"/></class><class name="client/controller/ChatController$2" sourcefilename="ChatController.java"><method name="&lt;init&gt;" desc="(Lclient/controller/ChatController;)V" line="141"><counter type="INSTRUCTION" missed="6" covered="0"/><counter type="LINE" missed="1" covered="0"/><counter type="COMPLEXITY" missed="1" covered="0"/><counter type="METHOD" missed="1" covered="0"/></method><counter type="INSTRUCTION" missed="6" covered="0"/><counter type="LINE" missed="1" covered="0"/><counter type="COMPLEXITY" missed="1" covered="0"/><counter type="METHOD" missed="1" covered="0"/><counter type="CLASS" missed="1" covered="0"/></class><class name="client/controller/LoginController" sourcefilename="LoginController.java"><method name="&lt;init&gt;" desc="()V" line="17"><counter type="INSTRUCTION" missed="3" covered="0"/><counter type="LINE" missed="1" covered="0"/><counter type="COMPLEXITY" missed="1" covered="0"/><counter type="METHOD" missed="1" covered="0"/></method><method name="logIn" desc="(Ljava/lang/String;Ljava/lang/String;Ljavax/swing/JLabel;Lclient/gui/VentanaLogin;)Z" line="22"><counter type="INSTRUCTION" missed="94" covered="0"/><counter type="BRANCH" missed="4" covered="0"/><counter type="LINE" missed="21" covered="0"/><counter type="COMPLEXITY" missed="3" covered="0"/><counter type="METHOD" missed="1" covered="0"/></method><method name="getUsuario" desc="(Ljava/lang/String;)Lserialization/Usuario;" line="50"><counter type="INSTRUCTION" missed="49" covered="0"/><counter type="BRANCH" missed="2" covered="0"/><counter type="LINE" missed="7" covered="0"/><counter type="COMPLEXITY" missed="2" covered="0"/><counter type="METHOD" missed="1" covered="0"/></method><counter type="INSTRUCTION" missed="146" covered="0"/><counter type="BRANCH" missed="6" covered="0"/><counter type="LINE" missed="29" covered="0"/><counter type="COMPLEXITY" missed="6" covered="0"/><counter type="METHOD" missed="3" covered="0"/><counter type="CLASS" missed="1" covered="0"/></class><sourcefile name="LoginController.java"><line nr="17" mi="3" ci="0" mb="0" cb="0"/><line nr="22" mi="5" ci="0" mb="0" cb="0"/><line nr="23" mi="9" ci="0" mb="0" cb="0"/><line nr="24" mi="4" ci="0" mb="0" cb="0"/><line nr="25" mi="3" ci="0" mb="0" cb="0"/><line nr="26" mi="3" ci="0" mb="0" cb="0"/><line nr="27" mi="4" ci="0" mb="0" cb="0"/><line nr="28" mi="6" ci="0" mb="0" cb="0"/><line nr="30" mi="5" ci="0" mb="2" cb="0"/><line nr="31" mi="13" ci="0" mb="0" cb="0"/><line nr="33" mi="6" ci="0" mb="0" cb="0"/><line nr="34" mi="2" ci="0" mb="2" cb="0"/><line nr="35" mi="3" ci="0" mb="0" cb="0"/><line nr="36" mi="3" ci="0" mb="0" cb="0"/><line nr="37" mi="2" ci="0" mb="0" cb="0"/><line nr="40" mi="2" ci="0" mb="0" cb="0"/><line nr="41" mi="1" ci="0" mb="0" cb="0"/><line nr="42" mi="3" ci="0" mb="0" cb="0"/><line nr="43" mi="13" ci="0" mb="0" cb="0"/><line nr="44" mi="2" ci="0" mb="0" cb="0"/><line nr="45" mi="3" ci="0" mb="0" cb="0"/><line nr="46" mi="2" ci="0" mb="0" cb="0"/><line nr="50" mi="12" ci="0" mb="0" cb="0"/><line nr="51" mi="9" ci="0" mb="0" cb="0"/><line nr="52" mi="3" ci="0" mb="0" cb="0"/><line nr="53" mi="5" ci="0" mb="2" cb="0"/><line nr="54" mi="5" ci="0" mb="0" cb="0"/><line nr="55" mi="2" ci="0" mb="0" cb="0"/><line nr="57" mi="13" ci="0" mb="0" cb="0"/><counter type="INSTRUCTION" missed="146" covered="0"/><counter type="BRANCH" missed="6" covered="0"/><counter type="LINE" missed="29" covered="0"/><counter type="COMPLEXITY" missed="6" covered="0"/><counter type="METHOD" missed="3" covered="0"/><counter type="CLASS" missed="1" covered="0"/></sourcefile><sourcefile name="RegistroController.java"><line nr="14" mi="3" ci="0" mb="0" cb="0"/><line nr="19" mi="5" ci="0" mb="0" cb="0"/><line nr="20" mi="9" ci="0" mb="0" cb="0"/><line nr="21" mi="6" ci="0" mb="0" cb="0"/><line nr="22" mi="5" ci="0" mb="2" cb="0"/><line nr="23" mi="13" ci="0" mb="0" cb="0"/><line nr="25" mi="1" ci="0" mb="0" cb="0"/><counter type="INSTRUCTION" missed="42" covered="0"/><counter type="BRANCH" missed="2" covered="0"/><counter type="LINE" missed="7" covered="0"/><counter type="COMPLEXITY" missed="3" covered="0"/><counter type="METHOD" missed="2" covered="0"/><counter type="CLASS" missed="1" covered="0"/></sourcefile><sourcefile name="ComprasController.java"><line nr="42" mi="2" ci="0" mb="0" cb="0"/><line nr="43" mi="3" ci="0" mb="0" cb="0"/><line nr="44" mi="3" ci="0" mb="0" cb="0"/><line nr="45" mi="1" ci="0" mb="0" cb="0"/><line nr="48" mi="16" ci="0" mb="0" cb="0"/><line nr="49" mi="9" ci="0" mb="0" cb="0"/><line nr="50" mi="4" ci="0" mb="0" cb="0"/><line nr="51" mi="3" ci="0" mb="0" cb="0"/><line nr="52" mi="6" ci="0" mb="0" cb="0"/><line nr="53" mi="5" ci="0" mb="2" cb="0"/><line nr="54" mi="13" ci="0" mb="0" cb="0"/><line nr="56" mi="1" ci="0" mb="0" cb="0"/><line nr="59" mi="12" ci="0" mb="0" cb="0"/><line nr="60" mi="9" ci="0" mb="0" cb="0"/><line nr="61" mi="6" ci="0" mb="0" cb="0"/><line nr="62" mi="5" ci="0" mb="2" cb="0"/><line nr="63" mi="13" ci="0" mb="0" cb="0"/><line nr="65" mi="1" ci="0" mb="0" cb="0"/><line nr="67" mi="5" ci="0" mb="0" cb="0"/><line nr="68" mi="21" ci="0" mb="0" cb="0"/><line nr="70" mi="5" ci="0" mb="0" cb="0"/><line nr="71" mi="21" ci="0" mb="0" cb="0"/><line nr="73" mi="4" ci="0" mb="0" cb="0"/><line nr="74" mi="4" ci="0" mb="0" cb="0"/><line nr="75" mi="4" ci="0" mb="0" cb="0"/><line nr="76" mi="2" ci="0" mb="0" cb="0"/><line nr="80" mi="5" ci="0" mb="0" cb="0"/><line nr="81" mi="21" ci="0" mb="0" cb="0"/><line nr="83" mi="5" ci="0" mb="0" cb="0"/><line nr="84" mi="21" ci="0" mb="0" cb="0"/><line nr="86" mi="4" ci="0" mb="0" cb="0"/><line nr="87" mi="4" ci="0" mb="0" cb="0"/><line nr="88" mi="4" ci="0" mb="0" cb="0"/><line nr="89" mi="2" ci="0" mb="0" cb="0"/><line nr="93" mi="12" ci="0" mb="0" cb="0"/><line nr="94" mi="9" ci="0" mb="0" cb="0"/><line nr="95" mi="3" ci="0" mb="0" cb="0"/><line nr="96" mi="5" ci="0" mb="2" cb="0"/><line nr="97" mi="5" ci="0" mb="0" cb="0"/><line nr="98" mi="2" ci="0" mb="0" cb="0"/><line nr="100" mi="13" ci="0" mb="0" cb="0"/><line nr="105" mi="13" ci="0" mb="0" cb="0"/><line nr="106" mi="21" ci="0" mb="0" cb="0"/><line nr="108" mi="13" ci="0" mb="0" cb="0"/><line nr="109" mi="21" ci="0" mb="0" cb="0"/><line nr="111" mi="4" ci="0" mb="0" cb="0"/><line nr="112" mi="4" ci="0" mb="0" cb="0"/><line nr="113" mi="4" ci="0" mb="0" cb="0"/><line nr="114" mi="2" ci="0" mb="0" cb="0"/><line nr="119" mi="3" ci="0" mb="0" cb="0"/><line nr="120" mi="4" ci="0" mb="0" cb="0"/><line nr="121" mi="7" ci="0" mb="0" cb="0"/><line nr="122" mi="4" ci="0" mb="0" cb="0"/><line nr="123" mi="8" ci="0" mb="0" cb="0"/><line nr="124" mi="17" ci="0" mb="0" cb="0"/><line nr="125" mi="5" ci="0" mb="0" cb="0"/><line nr="126" mi="20" ci="0" mb="0" cb="0"/><line nr="131" mi="5" ci="0" mb="0" cb="0"/><line nr="132" mi="12" ci="0" mb="0" cb="0"/><line nr="133" mi="3" ci="0" mb="0" cb="0"/><line nr="134" mi="7" ci="0" mb="0" cb="0"/><line nr="135" mi="3" ci="0" mb="0" cb="0"/><line nr="136" mi="12" ci="0" mb="2" cb="0"/><line nr="137" mi="6" ci="0" mb="0" cb="0"/><line nr="138" mi="1" ci="0" mb="0" cb="0"/><line nr="139" mi="3" ci="0" mb="0" cb="0"/><line nr="141" mi="1" ci="0" mb="0" cb="0"/><line nr="142" mi="4" ci="0" mb="0" cb="0"/><line nr="143" mi="1" ci="0" mb="0" cb="0"/><line nr="144" mi="1" ci="0" mb="0" cb="0"/><line nr="148" mi="5" ci="0" mb="0" cb="0"/><line nr="149" mi="5" ci="0" mb="0" cb="0"/><line nr="151" mi="16" ci="0" mb="0" cb="0"/><line nr="156" mi="8" ci="0" mb="0" cb="0"/><line nr="158" mi="1" ci="0" mb="0" cb="0"/><line nr="159" mi="4" ci="0" mb="0" cb="0"/><line nr="160" mi="1" ci="0" mb="0" cb="0"/><line nr="161" mi="1" ci="0" mb="0" cb="0"/><line nr="164" mi="16" ci="0" mb="0" cb="0"/><line nr="169" mi="9" ci="0" mb="0" cb="0"/><line nr="171" mi="1" ci="0" mb="0" cb="0"/><line nr="172" mi="4" ci="0" mb="0" cb="0"/><line nr="173" mi="1" ci="0" mb="0" cb="0"/><line nr="174" mi="1" ci="0" mb="0" cb="0"/><line nr="177" mi="4" ci="0" mb="0" cb="0"/><line nr="179" mi="4" ci="0" mb="0" cb="0"/><line nr="180" mi="4" ci="0" mb="0" cb="0"/><line nr="181" mi="4" ci="0" mb="0" cb="0"/><line nr="182" mi="5" ci="0" mb="0" cb="0"/><line nr="183" mi="4" ci="0" mb="0" cb="0"/><line nr="184" mi="2" ci="0" mb="0" cb="0"/><line nr="185" mi="2" ci="0" mb="0" cb="0"/><line nr="187" mi="1" ci="0" mb="0" cb="0"/><line nr="190" mi="12" ci="0" mb="0" cb="0"/><line nr="191" mi="9" ci="0" mb="0" cb="0"/><line nr="192" mi="8" ci="0" mb="0" cb="0"/><line nr="193" mi="5" ci="0" mb="2" cb="0"/><line nr="194" mi="13" ci="0" mb="0" cb="0"/><line nr="196" mi="1" ci="0" mb="0" cb="0"/><line nr="198" mi="12" ci="0" mb="0" cb="0"/><line nr="199" mi="9" ci="0" mb="0" cb="0"/><line nr="200" mi="6" ci="0" mb="0" cb="0"/><line nr="201" mi="5" ci="0" mb="2" cb="0"/><line nr="202" mi="13" ci="0" mb="0" cb="0"/><line nr="204" mi="1" ci="0" mb="0" cb="0"/><line nr="207" mi="12" ci="0" mb="0" cb="0"/><line nr="208" mi="9" ci="0" mb="0" cb="0"/><line nr="209" mi="3" ci="0" mb="0" cb="0"/><line nr="210" mi="5" ci="0" mb="2" cb="0"/><line nr="211" mi="6" ci="0" mb="0" cb="0"/><line nr="212" mi="2" ci="0" mb="0" cb="0"/><line nr="215" mi="13" ci="0" mb="0" cb="0"/><line nr="220" mi="13" ci="0" mb="0" cb="0"/><line nr="224" mi="7" ci="0" mb="0" cb="0"/><line nr="225" mi="7" ci="0" mb="0" cb="0"/><line nr="226" mi="13" ci="0" mb="0" cb="0"/><line nr="227" mi="13" ci="0" mb="0" cb="0"/><line nr="228" mi="4" ci="0" mb="0" cb="0"/><line nr="230" mi="1" ci="0" mb="0" cb="0"/><line nr="231" mi="11" ci="0" mb="0" cb="0"/><line nr="232" mi="2" ci="0" mb="0" cb="0"/><line nr="239" mi="2" ci="0" mb="0" cb="0"/><line nr="240" mi="11" ci="0" mb="2" cb="0"/><line nr="241" mi="4" ci="0" mb="0" cb="0"/><line nr="242" mi="1" ci="0" mb="0" cb="0"/><line nr="243" mi="2" ci="0" mb="0" cb="0"/><line nr="246" mi="1" ci="0" mb="0" cb="0"/><line nr="250" mi="13" ci="0" mb="0" cb="0"/><line nr="254" mi="6" ci="0" mb="0" cb="0"/><line nr="255" mi="6" ci="0" mb="0" cb="0"/><line nr="256" mi="4" ci="0" mb="0" cb="0"/><line nr="262" mi="2" ci="0" mb="0" cb="0"/><line nr="263" mi="11" ci="0" mb="2" cb="0"/><line nr="264" mi="4" ci="0" mb="0" cb="0"/><line nr="265" mi="1" ci="0" mb="0" cb="0"/><line nr="266" mi="2" ci="0" mb="0" cb="0"/><line nr="268" mi="1" ci="0" mb="0" cb="0"/><line nr="272" mi="13" ci="0" mb="0" cb="0"/><line nr="276" mi="6" ci="0" mb="0" cb="0"/><line nr="277" mi="6" ci="0" mb="0" cb="0"/><line nr="278" mi="4" ci="0" mb="0" cb="0"/><line nr="280" mi="1" ci="0" mb="0" cb="0"/><line nr="281" mi="11" ci="0" mb="0" cb="0"/><line nr="282" mi="2" ci="0" mb="0" cb="0"/><line nr="289" mi="2" ci="0" mb="0" cb="0"/><line nr="290" mi="11" ci="0" mb="2" cb="0"/><line nr="291" mi="4" ci="0" mb="0" cb="0"/><line nr="292" mi="1" ci="0" mb="0" cb="0"/><line nr="293" mi="2" ci="0" mb="0" cb="0"/><line nr="295" mi="1" ci="0" mb="0" cb="0"/><line nr="300" mi="3" ci="0" mb="0" cb="0"/><line nr="301" mi="3" ci="0" mb="0" cb="0"/><line nr="302" mi="2" ci="0" mb="0" cb="0"/><line nr="303" mi="10" ci="0" mb="2" cb="0"/><line nr="304" mi="3" ci="0" mb="0" cb="0"/><line nr="305" mi="4" ci="0" mb="0" cb="0"/><line nr="306" mi="1" ci="0" mb="0" cb="0"/><line nr="307" mi="2" ci="0" mb="0" cb="0"/><line nr="308" mi="2" ci="0" mb="0" cb="0"/><line nr="309" mi="1" ci="0" mb="0" cb="0"/><line nr="311" mi="2" ci="0" mb="0" cb="0"/><line nr="312" mi="1" ci="0" mb="0" cb="0"/><line nr="315" mi="1" ci="0" mb="0" cb="0"/><line nr="318" mi="3" ci="0" mb="0" cb="0"/><line nr="319" mi="1" ci="0" mb="0" cb="0"/><counter type="INSTRUCTION" missed="994" covered="0"/><counter type="BRANCH" missed="22" covered="0"/><counter type="LINE" missed="165" covered="0"/><counter type="COMPLEXITY" missed="45" covered="0"/><counter type="METHOD" missed="34" covered="0"/><counter type="CLASS" missed="13" covered="0"/></sourcefile><sourcefile name="ChatController.java"><line nr="38" mi="0" ci="2" mb="0" cb="0"/><line nr="39" mi="0" ci="3" mb="0" cb="0"/><line nr="40" mi="0" ci="3" mb="0" cb="0"/><line nr="41" mi="0" ci="3" mb="0" cb="0"/><line nr="42" mi="0" ci="1" mb="0" cb="0"/><line nr="46" mi="16" ci="0" mb="0" cb="0"/><line nr="47" mi="3" ci="0" mb="0" cb="0"/><line nr="48" mi="3" c
[...]
java/lang/String;)V" line="7"><counter type="INSTRUCTION" missed="0" covered="4"/><counter type="LINE" missed="0" covered="2"/><counter type="COMPLEXITY" missed="0" covered="1"/><counter type="METHOD" missed="0" covered="1"/></method><counter type="INSTRUCTION" missed="0" covered="4"/><counter type="LINE" missed="0" covered="2"/><counter type="COMPLEXITY" missed="0" covered="1"/><counter type="METHOD" missed="0" covered="1"/><counter type="CLASS" missed="0" covered="1"/></class><sourcefile name="ReventaException.java"><line nr="7" mi="0" ci="3" mb="0" cb="0"/><line nr="8" mi="0" ci="1" mb="0" cb="0"/><counter type="INSTRUCTION" missed="0" covered="4"/><counter type="LINE" missed="0" covered="2"/><counter type="COMPLEXITY" missed="0" covered="1"/><counter type="METHOD" missed="0" covered="1"/><counter type="CLASS" missed="0" covered="1"/></sourcefile><counter type="INSTRUCTION" missed="0" covered="4"/><counter type="LINE" missed="0" covered="2"/><counter type="COMPLEXITY" missed="0" covered="1"/><counter type="METHOD" missed="0" covered="1"/><counter type="CLASS" missed="0" covered="1"/></package><package name="service"><class name="service/VentasService" sourcefilename="VentasService.java"><method name="&lt;init&gt;" desc="()V" line="24"><counter type="INSTRUCTION" missed="0" covered="22"/><counter type="LINE" missed="0" covered="6"/><counter type="COMPLEXITY" missed="0" covered="1"/><counter type="METHOD" missed="0" covered="1"/></method><method name="getProductDao" desc="()Ldao/IProductoDAO;" line="33"><counter type="INSTRUCTION" missed="0" covered="3"/><counter type="LINE" missed="0" covered="1"/><counter type="COMPLEXITY" missed="0" covered="1"/><counter type="METHOD" missed="0" covered="1"/></method><method name="setProductDao" desc="(Ldao/IProductoDAO;)V" line="38"><counter type="INSTRUCTION" missed="0" covered="4"/><counter type="LINE" missed="0" covered="2"/><counter type="COMPLEXITY" missed="0" covered="1"/><counter type="METHOD" missed="0" covered="1"/></method><method name="getUsuarioDao" desc="()Ldao/IUsuarioDAO;" line="43"><counter type="INSTRUCTION" missed="0" covered="3"/><counter type="LINE" missed="0" covered="1"/><counter type="COMPLEXITY" missed="0" covered="1"/><counter type="METHOD" missed="0" covered="1"/></method><method name="setUsuarioDao" desc="(Ldao/IUsuarioDAO;)V" line="48"><counter type="INSTRUCTION" missed="0" covered="4"/><counter type="LINE" missed="0" covered="2"/><counter type="COMPLEXITY" missed="0" covered="1"/><counter type="METHOD" missed="0" covered="1"/></method><method name="getCategoriaDao" desc="()Ldao/ICategoriaDAO;" line="53"><counter type="INSTRUCTION" missed="0" covered="3"/><counter type="LINE" missed="0" covered="1"/><counter type="COMPLEXITY" missed="0" covered="1"/><counter type="METHOD" missed="0" covered="1"/></method><method name="setCategoriaDao" desc="(Ldao/ICategoriaDAO;)V" line="58"><counter type="INSTRUCTION" missed="0" covered="4"/><counter type="LINE" missed="0" covered="2"/><counter type="COMPLEXITY" missed="0" covered="1"/><counter type="METHOD" missed="0" covered="1"/></method><method name="getPmf" desc="()Ljavax/jdo/PersistenceManagerFactory;" line="63"><counter type="INSTRUCTION" missed="0" covered="3"/><counter type="LINE" missed="0" covered="1"/><counter type="COMPLEXITY" missed="0" covered="1"/><counter type="METHOD" missed="0" covered="1"/></method><method name="setPmf" desc="(Ljavax/jdo/PersistenceManagerFactory;)V" line="68"><counter type="INSTRUCTION" missed="0" covered="4"/><counter type="LINE" missed="0" covered="2"/><counter type="COMPLEXITY" missed="0" covered="1"/><counter type="METHOD" missed="0" covered="1"/></method><method name="logIn" desc="(Ljava/lang/String;Ljava/lang/String;)Z" line="74"><counter type="INSTRUCTION" missed="0" covered="19"/><counter type="BRANCH" missed="0" covered="4"/><counter type="LINE" missed="0" covered="7"/><counter type="COMPLEXITY" missed="0" covered="3"/><counter type="METHOD" missed="0" covered="1"/></method><method name="getCategorias" desc="()Ljava/util/List;" line="88"><counter type="INSTRUCTION" missed="0" covered="4"/><counter type="LINE" missed="0" covered="1"/><counter type="COMPLEXITY" missed="0" covered="1"/><counter type="METHOD" missed="0" covered="1"/></method><method name="registro" desc="(Lserialization/Usuario;)Z" line="92"><counter type="INSTRUCTION" missed="0" covered="17"/><counter type="BRANCH" missed="0" covered="2"/><counter type="LINE" missed="0" covered="5"/><counter type="COMPLEXITY" missed="0" covered="2"/><counter type="METHOD" missed="0" covered="1"/></method><method name="comprarProducto" desc="(Ljava/lang/String;ID)V" line="101"><counter type="INSTRUCTION" missed="0" covered="56"/><counter type="BRANCH" missed="0" covered="2"/><counter type="LINE" missed="0" covered="17"/><counter type="COMPLEXITY" missed="0" covered="2"/><counter type="METHOD" missed="0" covered="1"/></method><method name="addProductoFav" desc="(ILjava/lang/String;)V" line="128"><counter type="INSTRUCTION" missed="0" covered="37"/><counter type="BRANCH" missed="0" covered="2"/><counter type="LINE" missed="0" covered="11"/><counter type="COMPLEXITY" missed="0" covered="2"/><counter type="METHOD" missed="0" covered="1"/></method><method name="addUsuarioFav" desc="(Ljava/lang/String;Ljava/lang/String;)V" line="150"><counter type="INSTRUCTION" missed="0" covered="37"/><counter type="BRANCH" missed="0" covered="2"/><counter type="LINE" missed="0" covered="12"/><counter type="COMPLEXITY" missed="0" covered="2"/><counter type="METHOD" missed="0" covered="1"/></method><method name="enviarMensaje" desc="(Ljava/lang/String;Ljava/lang/String;Ljava/lang/String;J)V" line="167"><counter type="INSTRUCTION" missed="0" covered="64"/><counter type="BRANCH" missed="1" covered="3"/><counter type="LINE" missed="0" covered="20"/><counter type="COMPLEXITY" missed="1" covered="2"/><counter type="METHOD" missed="0" covered="1"/></method><method name="ponerALaVenta" desc="(Ljava/lang/String;Lserialization/Producto;)V" line="195"><counter type="INSTRUCTION" missed="0" covered="24"/><counter type="LINE" missed="0" covered="8"/><counter type="COMPLEXITY" missed="0" covered="1"/><counter type="METHOD" missed="0" covered="1"/></method><method name="getProducto" desc="(I)Lserialization/Producto;" line="209"><counter type="INSTRUCTION" missed="0" covered="21"/><counter type="LINE" missed="0" covered="7"/><counter type="COMPLEXITY" missed="0" covered="1"/><counter type="METHOD" missed="0" covered="1"/></method><method name="getProductos" desc="()Ljava/util/List;" line="224"><counter type="INSTRUCTION" missed="0" covered="20"/><counter type="LINE" missed="0" covered="7"/><counter type="COMPLEXITY" missed="0" covered="1"/><counter type="METHOD" missed="0" covered="1"/></method><method name="getProductosOrdenador" desc="()Ljava/util/List;" line="238"><counter type="INSTRUCTION" missed="0" covered="20"/><counter type="LINE" missed="0" covered="7"/><counter type="COMPLEXITY" missed="0" covered="1"/><counter type="METHOD" missed="0" covered="1"/></method><method name="getProductosOrdenadorEnVenta" desc="()Ljava/util/List;" line="253"><counter type="INSTRUCTION" missed="0" covered="35"/><counter type="BRANCH" missed="0" covered="2"/><counter type="LINE" missed="0" covered="10"/><counter type="COMPLEXITY" missed="0" covered="2"/><counter type="METHOD" missed="0" covered="1"/></method><method name="getProductosVehiculos" desc="()Ljava/util/List;" line="270"><counter type="INSTRUCTION" missed="0" covered="20"/><counter type="LINE" missed="0" covered="7"/><counter type="COMPLEXITY" missed="0" covered="1"/><counter type="METHOD" missed="0" covered="1"/></method><method name="getProductosVehiculosEnVenta" desc="()Ljava/util/List;" line="284"><counter type="INSTRUCTION" missed="0" covered="20"/><counter type="LINE" missed="0" covered="7"/><counter type="COMPLEXITY" missed="0" covered="1"/><counter type="METHOD" missed="0" covered="1"/></method><method name="getUsuario" desc="(Ljava/lang/String;)Lserialization/Usuario;" line="298"><counter type="INSTRUCTION" missed="0" covered="5"/><counter type="LINE" missed="0" covered="1"/><counter type="COMPLEXITY" missed="0" covered="1"/><counter type="METHOD" missed="0" covered="1"/></method><method name="getProductosOrdenadorFavoritos" desc="(Ljava/lang/String;)Ljava/util/List;" line="304"><counter type="INSTRUCTION" missed="0" covered="46"/><counter type="BRANCH" missed="0" covered="4"/><counter type="LINE" missed="0" covered="13"/><counter type="COMPLEXITY" missed="0" covered="3"/><counter type="METHOD" missed="0" covered="1"/></method><method name="getProductosVehiculoFavoritos" desc="(Ljava/lang/String;)Ljava/util/List;" line="325"><counter type="INSTRUCTION" missed="0" covered="46"/><counter type="BRANCH" missed="0" covered="4"/><counter type="LINE" missed="0" covered="13"/><counter type="COMPLEXITY" missed="0" covered="3"/><counter type="METHOD" missed="0" covered="1"/></method><method name="getNumVentas" desc="(Ljava/lang/String;)I" line="346"><counter type="INSTRUCTION" missed="0" covered="48"/><counter type="BRANCH" missed="0" covered="4"/><counter type="LINE" missed="0" covered="13"/><counter type="COMPLEXITY" missed="0" covered="3"/><counter type="METHOD" missed="0" covered="1"/></method><method name="getMensajesEnviados" desc="(Ljava/lang/String;)Ljava/util/List;" line="367"><counter type="INSTRUCTION" missed="0" covered="27"/><counter type="LINE" missed="0" covered="9"/><counter type="COMPLEXITY" missed="0" covered="1"/><counter type="METHOD" missed="0" covered="1"/></method><method name="getMensajesRecibidos" desc="(Ljava/lang/String;)Ljava/util/List;" line="382"><counter type="INSTRUCTION" missed="0" covered="27"/><counter type="LINE" missed="0" covered="9"/><counter type="COMPLEXITY" missed="0" covered="1"/><counter type="METHOD" missed="0" covered="1"/></method><counter type="INSTRUCTION" missed="0" covered="643"/><counter type="BRANCH" missed="1" covered="29"/><counter type="LINE" missed="0" covered="202"/><counter type="COMPLEXITY" missed="1" covered="43"/><counter type="METHOD" missed="0" covered="29"/><counter type="CLASS" missed="0" covered="1"/></class><sourcefile name="VentasService.java"><line nr="24" mi="0" ci="2" mb="0" cb="0"/><line nr="25" mi="0" ci="5" mb="0" cb="0"/><line nr="26" mi="0" ci="5" mb="0" cb="0"/><line nr="27" mi="0" ci="5" mb="0" cb="0"/><line nr="28" mi="0" ci="4" mb="0" cb="0"/><line nr="29" mi="0" ci="1" mb="0" cb="0"/><line nr="33" mi="0" ci="3" mb="0" cb="0"/><line nr="38" mi="0" ci="3" mb="0" cb="0"/><line nr="39" mi="0" ci="1" mb="0" cb="0"/><line nr="43" mi="0" ci="3" mb="0" cb="0"/><line nr="48" mi="0" ci="3" mb="0" cb="0"/><line nr="49" mi="0" ci="1" mb="0" cb="0"/><line nr="53" mi="0" ci="3" mb="0" cb="0"/><line nr="58" mi="0" ci="3" mb="0" cb="0"/><line nr="59" mi="0" ci="1" mb="0" cb="0"/><line nr="63" mi="0" ci="3" mb="0" cb="0"/><line nr="68" mi="0" ci="3" mb="0" cb="0"/><line nr="69" mi="0" ci="1" mb="0" cb="0"/><line nr="74" mi="0" ci="5" mb="0" cb="0"/><line nr="75" mi="0" ci="2" mb="0" cb="2"/><line nr="76" mi="0" ci="5" mb="0" cb="2"/><line nr="77" mi="0" ci="2" mb="0" cb="0"/><line nr="80" mi="0" ci="2" mb="0" cb="0"/><line nr="81" mi="0" ci="1" mb="0" cb="0"/><line nr="82" mi="0" ci="2" mb="0" cb="0"/><line nr="88" mi="0" ci="4" mb="0" cb="0"/><line nr="92" mi="0" ci="6" mb="0" cb="2"/><line nr="93" mi="0" ci="4" mb="0" cb="0"/><line nr="94" mi="0" ci="2" mb="0" cb="0"/><line nr="96" mi="0" ci="3" mb="0" cb="0"/><line nr="97" mi="0" ci="2" mb="0" cb="0"/><line nr="101" mi="0" ci="4" mb="0" cb="0"/><line nr="102" mi="0" ci="2" mb="0" cb="0"/><line nr="103" mi="0" ci="2" mb="0" cb="0"/><line nr="105" mi="0" ci="6" mb="0" cb="0"/><line nr="106" mi="0" ci="7" mb="0" cb="0"/><line nr="107" mi="0" ci="4" mb="0" cb="0"/><line nr="108" mi="0" ci="3" mb="0" cb="0"/><line nr="109" mi="0" ci="3" mb="0" cb="0"/><line nr="110" mi="0" ci="5" mb="0" cb="0"/><line nr="112" mi="0" ci="3" mb="0" cb="0"/><line nr="113" mi="0" ci="1" mb="0" cb="0"/><line nr="114" mi="0" ci="2" mb="0" cb="2"/><line nr="115" mi="0" ci="4" mb="0" cb="0"/><line nr="117" mi="0" ci="3" mb="0" cb="0"/><line nr="118" mi="0" ci="4" mb="0" cb="0"/><line nr="121" mi="0" ci="2" mb="0" cb="0"/><line nr="123" mi="0" ci="1" mb="0" cb="0"/><line nr="128" mi="0" ci="4" mb="0" cb="0"/><line nr="129" mi="0" ci="2" mb="0" cb="0"/><line nr="131" mi="0" ci="6" mb="0" cb="0"/><line nr="132" mi="0" ci="7" mb="0" cb="0"/><line nr="133" mi="0" ci="5" mb="0" cb="0"/><line nr="135" mi="0" ci="1" mb="0" cb="0"/><line nr="136" mi="0" ci="2" mb="0" cb="2"/><line nr="137" mi="0" ci="4" mb="0" cb="0"/><line nr="139" mi="0" ci="3" mb="0" cb="0"/><line nr="142" mi="0" ci="2" mb="0" cb="0"/><line nr="145" mi="0" ci="1" mb="0" cb="0"/><line nr="150" mi="0" ci="4" mb="0" cb="0"/><line nr="151" mi="0" ci="2" mb="0" cb="0"/><line nr="152" mi="0" ci="2" mb="0" cb="0"/><line nr="154" mi="0" ci="6" mb="0" cb="0"/><line nr="155" mi="0" ci="6" mb="0" cb="0"/><line nr="156" mi="0" ci="5" mb="0" cb="0"/><line nr="157" mi="0" ci="1" mb="0" cb="0"/><line nr="158" mi="0" ci="2" mb="0" cb="2"/><line nr="159" mi="0" ci="4" mb="0" cb="0"/><line nr="161" mi="0" ci="3" mb="0" cb="0"/><line nr="163" mi="0" ci="1" mb="0" cb="0"/><line nr="164" mi="0" ci="1" mb="0" cb="0"/><line nr="167" mi="0" ci="4" mb="0" cb="0"/><line nr="168" mi="0" ci="3" mb="0" cb="0"/><line nr="169" mi="0" ci="3" mb="0" cb="0"/><line nr="170" mi="0" ci="2" mb="0" cb="0"/><line nr="171" mi="0" ci="2" mb="0" cb="0"/><line nr="173" mi="0" ci="6" mb="0" cb="0"/><line nr="174" mi="0" ci="6" mb="0" cb="0"/><line nr="175" mi="0" ci="3" mb="0" cb="0"/><line nr="176" mi="0" ci="4" mb="0" cb="0"/><line nr="177" mi="0" ci="3" mb="0" cb="0"/><line nr="178" mi="0" ci="3" mb="0" cb="0"/><line nr="179" mi="0" ci="5" mb="0" cb="0"/><line nr="180" mi="0" ci="5" mb="0" cb="0"/><line nr="181" mi="0" ci="1" mb="0" cb="0"/><line nr="182" mi="0" ci="2" mb="0" cb="2"/><line nr="183" mi="0" ci="4" mb="0" cb="0"/><line nr="185" mi="0" ci="2" mb="1" cb="1"/><line nr="186" mi="0" ci="3" mb="0" cb="0"/><line nr="189" mi="0" ci="2" mb="0" cb="0"/><line nr="191" mi="0" ci="1" mb="0" cb="0"/><line nr="195" mi="0" ci="4" mb="0" cb="0"/><line nr="196" mi="0" ci="2" mb="0" cb="0"/><line nr="198" mi="0" ci="6" mb="0" cb="0"/><line nr="199" mi="0" ci="5" mb="0" cb="0"/><line nr="200" mi="0" ci="1" mb="0" cb="0"/><line nr="201" mi="0" ci="3" mb="0" cb="0"/><line nr="203" mi="0" ci="2" mb="0" cb="0"/><line nr="205" mi="0" ci="1" mb="0" cb="0"/><line nr="209" mi="0" ci="4" mb="0" cb="0"/><line nr="210" mi="0" ci="2" mb="0" cb="0"/><line nr="212" mi="0" ci="7" mb="0" cb="0"/><line nr="213" mi="0" ci="1" mb="0" cb="0"/><line nr="214" mi="0" ci="3" mb="0" cb="0"/><line nr="216" mi="0" ci="2" mb="0" cb="0"/><line nr="218" mi="0" ci="2" mb="0" cb="0"/><line nr="224" mi="0" ci="4" mb="0" cb="0"/><line nr="225" mi="0" ci="4" mb="0" cb="0"/><line nr="227" mi="0" ci="4" mb="0" cb="0"/><line nr="228" mi="0" ci="1" mb="0" cb="0"/><line nr="229" mi="0" ci="3" mb="0" cb="0"/><line nr="231" mi="0" ci="2" mb="0" cb="0"/><line nr="233" mi="0" ci="2" mb="0" cb="0"/><line nr="238" mi="0" ci="4" mb="0" cb="0"/><line nr="239" mi="0" ci="4" mb="0" cb="0"/><line nr="241" mi="0" ci="4" mb="0" cb="0"/><line nr="242" mi="0" ci="1" mb="0" cb="0"/><line nr="243" mi="0" ci="3" mb="0" cb="0"/><line nr="245" mi="0" ci="2" mb="0" cb="0"/><line nr="247" mi="0" ci="2" mb="0" cb="0"/><line nr="253" mi="0" ci="4" mb="0" cb="0"/><line nr="254" mi="0" ci="4" mb="0" cb="0"/><line nr="256" mi="0" ci="4" mb="0" cb="0"/><line nr="257" mi="0" ci="10" mb="0" cb="2"/><line nr="258" mi="0" ci="4" mb="0" cb="0"/><line nr="259" mi="0" ci="1" mb="0" cb="0"/><line nr="260" mi="0" ci="1" mb="0" cb="0"/><line nr="261" mi="0" ci="3" mb="0" cb="0"/><line nr="263" mi="0" ci="2" mb="0" cb="0"/><line nr="265" mi="0" ci="2" mb="0" cb="0"/><line nr="270" mi="0" ci="4" mb="0" cb="0"/><line nr="271" mi="0" ci="4" mb="0" cb="0"/><line nr="273" mi="0" ci="4" mb="0" cb="0"/><line nr="274" mi="0" ci="1" mb="0" cb="0"/><line nr="275" mi="0" ci="3" mb="0" cb="0"/><line nr="277" mi="0" ci="2" mb="0" cb="0"/><line nr="279" mi="0" ci="2" mb="0" cb="0"/><line nr="284" mi="0" ci="4" mb="0" cb="0"/><line nr="285" mi="0" ci="4" mb="0" cb="0"/><line nr="287" mi="0" ci="4" mb="0" cb="0"/><line nr="288" mi="0" ci="1" mb="0" cb="0"/><line nr="289" mi="0" ci="3" mb="0" cb="0"/><line nr="291" mi="0" ci="2" mb="0" cb="0"/><line nr="293" mi="0" ci="2" mb="0" cb="0"/><line nr="298" mi="0" ci="5" mb="0" cb="0"/><line nr="304" mi="0" ci="4" mb="0" cb="0"/><line nr="305" mi="0" ci="4" mb="0" cb="0"/><line nr="306" mi="0" ci="2" mb="0" cb="0"/><line nr="308" mi="0" ci="6" mb="0" cb="0"/><line nr="309" mi="0" ci="11" mb="0" cb="2"/><line nr="310" mi="0" ci="3" mb="0" cb="2"/><line nr="311" mi="0" ci="3" mb="0" cb="0"/><line nr="312" mi="0" ci="4" mb="0" cb="0"/><line nr="314" mi="0" ci="1" mb="0" cb="0"/><line nr="315" mi="0" ci="1" mb="0" cb="0"/><line nr="316" mi="0" ci="3" mb="0" cb="0"/><line nr="318" mi="0" ci="2" mb="0" cb="0"/><line nr="320" mi="0" ci="2" mb="0" cb="0"/><line nr="325" mi="0" ci="4" mb="0" cb="0"/><line nr="326" mi="0" ci="4" mb="0" cb="0"/><line nr="327" mi="0" ci="2" mb="0" cb="0"/><line nr="329" mi="0" ci="6" mb="0" cb="0"/><line nr="330" mi="0" ci="11" mb="0" cb="2"/><line nr="331" mi="0" ci="3" mb="0" cb="2"/><line nr="332" mi="0" ci="3" mb="0" cb="0"/><line nr="333" mi="0" ci="4" mb="0" cb="0"/><line nr="335" mi="0" ci="1" mb="0" cb="0"/><line nr="336" mi="0" ci="1" mb="0" cb="0"/><line nr="337" mi="0" ci="3" mb="0" cb="0"/><line nr="339" mi="0" ci="2" mb="0" cb="0"/><line nr="341" mi="0" ci="2" mb="0" cb="0"/><line nr="346" mi="0" ci="4" mb="0" cb="0"/><line nr="347" mi="0" ci="2" mb="0" cb="0"/><line nr="348" mi="0" ci="2" mb="0" cb="0"/><line nr="350" mi="0" ci="6" mb="0" cb="0"/><line nr="351" mi="0" ci="11" mb="0" cb="2"/><line nr="352" mi="0" ci="10" mb="0" cb="0"/><line nr="353" mi="0" ci="3" mb="0" cb="2"/><line nr="354" mi="0" ci="1" mb="0" cb="0"/><line nr="356" mi="0" ci="1" mb="0" cb="0"/><line nr="357" mi="0" ci="1" mb="0" cb="0"/><line nr="358" mi="0" ci="3" mb="0" cb="0"/><line nr="360" mi="0" ci="2" mb="0" cb="0"/><line nr="362" mi="0" ci="2" mb="0" cb="0"/><line nr="367" mi="0" ci="4" mb="0" cb="0"/><line nr="368" mi="0" ci="4" mb="0" cb="0"/><line nr="369" mi="0" ci="2" mb="0" cb="0"/><line nr="371" mi="0" ci="6" mb="0" cb="0"/><line nr="372" mi="0" ci="3" mb="0" cb="0"/><line nr="373" mi="0" ci="1" mb="0" cb="0"/><line nr="374" mi="0" ci="3" mb="0" cb="0"/><line nr="376" mi="0" ci="2" mb="0" cb="0"/><line nr="378" mi="0" ci="2" mb="0" cb="0"/><line nr="382" mi="0" ci="4" mb="0" cb="0"/><line nr="383" mi="0" ci="4" mb="0" cb="0"/><line nr="384" mi="0" ci="2" mb="0" cb="0"/><line nr="386" mi="0" ci="6" mb="0" cb="0"/><line nr="387" mi="0" ci="3" mb="0" cb="0"/><line nr="388" mi="0" ci="1" mb="0" cb="0"/><line nr="389" mi="0" ci="3" mb="0" cb="0"/><line nr="391" mi="0" ci="2" mb="0" cb="0"/><line nr="393" mi="0" ci="2" mb="0" cb="0"/><counter type="INSTRUCTION" missed="0" covered="643"/><counter type="BRANCH" missed="1" covered="29"/><counter type="LINE" missed="0" covered="202"/><counter type="COMPLEXITY" missed="1" covered="43"/><counter type="METHOD" missed="0" covered="29"/><counter type="CLASS" missed="0" covered="1"/></sourcefile><counter type="INSTRUCTION" missed="0" covered="643"/><counter type="BRANCH" missed="1" covered="29"/><counter type="LINE" missed="0" covered="202"/><counter type="COMPLEXITY" missed="1" covered="43"/><counter type="METHOD" missed="0" covered="29"/><counter type="CLASS" missed="0" covered="1"/></package><counter type="INSTRUCTION" missed="4195" covered="2477"/><counter type="BRANCH" missed="99" covered="74"/><counter type="LINE" missed="806" covered="743"/><counter type="COMPLEXITY" missed="142" covered="218"/><counter type="METHOD" missed="81" covered="191"/><counter type="CLASS" missed="33" covered="18"/></report>