<?xml version="1.0" encoding="UTF-8" standalone="yes"?><!DOCTYPE report PUBLIC "-//JACOCO//DTD Report 1.1//EN" "report.dtd"><report name="deustoReventaDOREST"><sessioninfo id="DESKTOP-97O3AGA-61f7bf4" start="1651327018524" dump="1651327026123"/><sessioninfo id="DESKTOP-97O3AGA-eb1b8b73" start="1651327225390" dump="1651327233186"/><sessioninfo id="DESKTOP-97O3AGA-dd6c726" start="1651327386035" dump="1651327393770"/><sessioninfo id="DESKTOP-97O3AGA-42d91bc5" start="1651327520944" dump="1651327528560"/><sessioninfo id="DESKTOP-97O3AGA-6fb0377b" start="1651329628173" dump="1651329635820"/></report>